TN:
SF:app/_document.tsx
FN:4,(anonymous_0)
FNF:1
FNH:0
FNDA:0,(anonymous_0)
DA:5,0
LF:1
LH:0
BRF:0
BRH:0
end_of_record
TN:
SF:app/global-error.tsx
FN:7,GlobalError
FN:8,(anonymous_1)
FNF:2
FNH:0
FNDA:0,GlobalError
FNDA:0,(anonymous_1)
DA:8,0
DA:9,0
DA:12,0
LF:3
LH:0
BRF:0
BRH:0
end_of_record
TN:
SF:app/layout.tsx
FN:23,RootLayout
FNF:1
FNH:0
FNDA:0,RootLayout
DA:7,0
DA:9,0
DA:18,0
DA:28,0
LF:4
LH:0
BRDA:42,0,0,0
BRDA:42,0,1,0
BRF:2
BRH:0
end_of_record
TN:
SF:app/logrocket-client.tsx
FN:8,LogRocketInitializer
FN:11,(anonymous_1)
FNF:2
FNH:0
FNDA:0,LogRocketInitializer
FNDA:0,(anonymous_1)
DA:9,0
DA:11,0
DA:12,0
DA:14,0
DA:15,0
DA:23,0
LF:6
LH:0
BRDA:14,0,0,0
BRDA:14,0,1,0
BRF:2
BRH:0
end_of_record
TN:
SF:app/not-found.tsx
FN:3,NotFound
FNF:1
FNH:0
FNDA:0,NotFound
DA:4,0
LF:1
LH:0
BRF:0
BRH:0
end_of_record
TN:
SF:app/page.tsx
FN:13,Home
FNF:1
FNH:0
FNDA:0,Home
DA:14,0
LF:1
LH:0
BRF:0
BRH:0
end_of_record
TN:
SF:app/about/page.tsx
FN:6,About
FNF:1
FNH:0
FNDA:0,About
DA:7,0
LF:1
LH:0
BRF:0
BRH:0
end_of_record
TN:
SF:app/admin-dashboard/layout.tsx
FN:6,AdminDashboardLayout
FNF:1
FNH:0
FNDA:0,AdminDashboardLayout
DA:11,0
LF:1
LH:0
BRF:0
BRH:0
end_of_record
TN:
SF:app/admin-dashboard/page.tsx
FN:13,(anonymous_0)
FN:25,getToken
FN:42,authHeaders
FN:49,pickMessage
FN:66,AdminDashboardPage
FN:75,(anonymous_5)
FN:76,(anonymous_6)
FNF:7
FNH:0
FNDA:0,(anonymous_0)
FNDA:0,getToken
FNDA:0,authHeaders
FNDA:0,pickMessage
FNDA:0,AdminDashboardPage
FNDA:0,(anonymous_5)
FNDA:0,(anonymous_6)
DA:13,0
DA:14,0
DA:15,0
DA:16,0
DA:20,0
DA:26,0
DA:29,0
DA:30,0
DA:31,0
DA:32,0
DA:36,0
DA:37,0
DA:39,0
DA:43,0
DA:44,0
DA:45,0
DA:46,0
DA:54,0
DA:55,0
DA:56,0
DA:59,0
DA:67,0
DA:68,0
DA:69,0
DA:70,0
DA:71,0
DA:72,0
DA:73,0
DA:75,0
DA:76,0
DA:77,0
DA:78,0
DA:79,0
DA:82,0
DA:83,0
DA:84,0
DA:86,0
DA:93,0
DA:95,0
DA:96,0
DA:97,0
DA:100,0
DA:101,0
DA:102,0
DA:103,0
DA:105,0
DA:107,0
DA:110,0
DA:111,0
DA:112,0
DA:113,0
DA:115,0
DA:116,0
DA:119,0
DA:121,0
DA:122,0
DA:123,0
DA:125,0
DA:127,0
DA:128,0
DA:130,0
DA:132,0
DA:137,0
DA:138,0
DA:164,0
LF:65
LH:0
BRDA:14,0,0,0
BRDA:14,0,1,0
BRDA:15,1,0,0
BRDA:15,1,1,0
BRDA:26,2,0,0
BRDA:26,2,1,0
BRDA:32,3,0,0
BRDA:32,3,1,0
BRDA:37,4,0,0
BRDA:37,4,1,0
BRDA:45,5,0,0
BRDA:45,5,1,0
BRDA:54,6,0,0
BRDA:54,6,1,0
BRDA:55,7,0,0
BRDA:55,7,1,0
BRDA:56,8,0,0
BRDA:56,8,1,0
BRDA:77,9,0,0
BRDA:77,9,1,0
BRDA:93,10,0,0
BRDA:93,10,1,0
BRDA:100,11,0,0
BRDA:100,11,1,0
BRDA:103,12,0,0
BRDA:103,12,1,0
BRDA:110,13,0,0
BRDA:110,13,1,0
BRDA:115,14,0,0
BRDA:115,14,1,0
BRDA:121,15,0,0
BRDA:121,15,1,0
BRDA:121,15,2,0
BRDA:121,15,3,0
BRDA:122,16,0,0
BRDA:122,16,1,0
BRDA:122,16,2,0
BRDA:122,16,3,0
BRDA:123,17,0,0
BRDA:123,17,1,0
BRDA:123,18,0,0
BRDA:123,18,1,0
BRDA:137,19,0,0
BRDA:137,19,1,0
BRDA:146,20,0,0
BRDA:146,20,1,0
BRDA:187,21,0,0
BRDA:187,21,1,0
BRDA:193,22,0,0
BRDA:193,22,1,0
BRF:50
BRH:0
end_of_record
TN:
SF:app/admin-role-management/page.tsx
FN:71,Page
FN:89,(anonymous_1)
FN:90,(anonymous_2)
FN:92,(anonymous_3)
FN:97,(anonymous_4)
FN:97,(anonymous_5)
FN:97,(anonymous_6)
FN:99,(anonymous_7)
FN:112,(anonymous_8)
FN:116,(anonymous_9)
FN:117,(anonymous_10)
FN:178,(anonymous_11)
FN:198,(anonymous_12)
FN:202,(anonymous_13)
FN:202,(anonymous_14)
FN:253,(anonymous_15)
FN:255,(anonymous_16)
FN:255,(anonymous_17)
FN:311,(anonymous_18)
FN:466,(anonymous_19)
FN:478,(anonymous_20)
FN:484,(anonymous_21)
FN:521,(anonymous_22)
FN:538,(anonymous_23)
FN:544,(anonymous_24)
FN:573,(anonymous_25)
FN:585,(anonymous_26)
FN:595,(anonymous_27)
FN:616,(anonymous_28)
FN:656,ConfirmModal
FNF:30
FNH:0
FNDA:0,Page
FNDA:0,(anonymous_1)
FNDA:0,(anonymous_2)
FNDA:0,(anonymous_3)
FNDA:0,(anonymous_4)
FNDA:0,(anonymous_5)
FNDA:0,(anonymous_6)
FNDA:0,(anonymous_7)
FNDA:0,(anonymous_8)
FNDA:0,(anonymous_9)
FNDA:0,(anonymous_10)
FNDA:0,(anonymous_11)
FNDA:0,(anonymous_12)
FNDA:0,(anonymous_13)
FNDA:0,(anonymous_14)
FNDA:0,(anonymous_15)
FNDA:0,(anonymous_16)
FNDA:0,(anonymous_17)
FNDA:0,(anonymous_18)
FNDA:0,(anonymous_19)
FNDA:0,(anonymous_20)
FNDA:0,(anonymous_21)
FNDA:0,(anonymous_22)
FNDA:0,(anonymous_23)
FNDA:0,(anonymous_24)
FNDA:0,(anonymous_25)
FNDA:0,(anonymous_26)
FNDA:0,(anonymous_27)
FNDA:0,(anonymous_28)
FNDA:0,ConfirmModal
DA:18,0
DA:72,0
DA:73,0
DA:74,0
DA:75,0
DA:76,0
DA:78,0
DA:80,0
DA:82,0
DA:84,0
DA:85,0
DA:88,0
DA:89,0
DA:90,0
DA:92,0
DA:97,0
DA:99,0
DA:109,0
DA:112,0
DA:116,0
DA:117,0
DA:118,0
DA:119,0
DA:120,0
DA:121,0
DA:123,0
DA:148,0
DA:149,0
DA:150,0
DA:151,0
DA:157,0
DA:158,0
DA:160,0
DA:162,0
DA:178,0
DA:180,0
DA:181,0
DA:182,0
DA:183,0
DA:184,0
DA:185,0
DA:192,0
DA:193,0
DA:194,0
DA:198,0
DA:199,0
DA:200,0
DA:201,0
DA:202,0
DA:203,0
DA:204,0
DA:233,0
DA:234,0
DA:235,0
DA:236,0
DA:238,0
DA:239,0
DA:242,0
DA:244,0
DA:245,0
DA:246,0
DA:253,0
DA:254,0
DA:255,0
DA:256,0
DA:258,0
DA:259,0
DA:288,0
DA:289,0
DA:290,0
DA:291,0
DA:293,0
DA:299,0
DA:301,0
DA:302,0
DA:303,0
DA:311,0
DA:401,0
DA:466,0
DA:478,0
DA:485,0
DA:486,0
DA:488,0
DA:489,0
DA:491,0
DA:492,0
DA:495,0
DA:496,0
DA:497,0
DA:522,0
DA:538,0
DA:544,0
DA:573,0
DA:585,0
DA:596,0
DA:616,0
DA:667,0
LF:97
LH:0
BRDA:148,0,0,0
BRDA:148,0,1,0
BRDA:160,1,0,0
BRDA:160,1,1,0
BRDA:181,2,0,0
BRDA:181,2,1,0
BRDA:181,2,2,0
BRDA:182,3,0,0
BRDA:182,3,1,0
BRDA:182,4,0,0
BRDA:182,4,1,0
BRDA:184,5,0,0
BRDA:184,5,1,0
BRDA:233,6,0,0
BRDA:233,6,1,0
BRDA:239,7,0,0
BRDA:239,7,1,0
BRDA:255,8,0,0
BRDA:255,8,1,0
BRDA:288,9,0,0
BRDA:288,9,1,0
BRDA:405,10,0,0
BRDA:405,10,1,0
BRDA:413,11,0,0
BRDA:413,11,1,0
BRDA:413,11,2,0
BRDA:438,12,0,0
BRDA:438,12,1,0
BRDA:474,13,0,0
BRDA:474,13,1,0
BRDA:506,14,0,0
BRDA:506,14,1,0
BRDA:508,15,0,0
BRDA:508,15,1,0
BRDA:524,16,0,0
BRDA:524,16,1,0
BRDA:535,17,0,0
BRDA:535,17,1,0
BRDA:555,18,0,0
BRDA:555,18,1,0
BRDA:571,19,0,0
BRDA:580,20,0,0
BRDA:580,20,1,0
BRDA:580,20,2,0
BRDA:611,21,0,0
BRDA:611,21,1,0
BRDA:611,22,0,0
BRDA:611,22,1,0
BRDA:616,23,0,0
BRDA:616,23,1,0
BRDA:616,24,0,0
BRDA:616,24,1,0
BRF:52
BRH:0
end_of_record
TN:
SF:app/admin-user-log-menu/page.tsx
FN:29,getToken
FN:39,authHeaders
FN:47,getNextPath
FN:51,fmtDate
FN:55,(anonymous_4)
FN:60,fetchAllLogs
FN:83,(anonymous_6)
FN:90,AdminUserLogMenuPage
FN:108,(anonymous_8)
FN:109,(anonymous_9)
FN:117,(anonymous_10)
FN:133,(anonymous_11)
FN:138,(anonymous_12)
FN:153,(anonymous_13)
FN:158,(anonymous_14)
FN:203,(anonymous_15)
FN:234,(anonymous_16)
FN:249,(anonymous_17)
FN:277,(anonymous_18)
FN:277,(anonymous_19)
FN:287,(anonymous_20)
FN:287,(anonymous_21)
FNF:22
FNH:0
FNDA:0,getToken
FNDA:0,authHeaders
FNDA:0,getNextPath
FNDA:0,fmtDate
FNDA:0,(anonymous_4)
FNDA:0,fetchAllLogs
FNDA:0,(anonymous_6)
FNDA:0,AdminUserLogMenuPage
FNDA:0,(anonymous_8)
FNDA:0,(anonymous_9)
FNDA:0,(anonymous_10)
FNDA:0,(anonymous_11)
FNDA:0,(anonymous_12)
FNDA:0,(anonymous_13)
FNDA:0,(anonymous_14)
FNDA:0,(anonymous_15)
FNDA:0,(anonymous_16)
FNDA:0,(anonymous_17)
FNDA:0,(anonymous_18)
FNDA:0,(anonymous_19)
FNDA:0,(anonymous_20)
FNDA:0,(anonymous_21)
DA:24,0
DA:25,0
DA:26,0
DA:30,0
DA:31,0
DA:32,0
DA:33,0
DA:35,0
DA:36,0
DA:40,0
DA:41,0
DA:42,0
DA:43,0
DA:44,0
DA:48,0
DA:52,0
DA:53,0
DA:54,0
DA:55,0
DA:56,0
DA:61,0
DA:67,0
DA:68,0
DA:69,0
DA:70,0
DA:73,0
DA:74,0
DA:75,0
DA:76,0
DA:77,0
DA:79,0
DA:82,0
DA:83,0
DA:84,0
DA:87,0
DA:92,0
DA:93,0
DA:94,0
DA:95,0
DA:98,0
DA:99,0
DA:100,0
DA:101,0
DA:102,0
DA:105,0
DA:108,0
DA:109,0
DA:110,0
DA:111,0
DA:112,0
DA:113,0
DA:114,0
DA:116,0
DA:117,0
DA:119,0
DA:121,0
DA:122,0
DA:123,0
DA:124,0
DA:126,0
DA:129,0
DA:133,0
DA:134,0
DA:135,0
DA:136,0
DA:138,0
DA:140,0
DA:141,0
DA:143,0
DA:144,0
DA:145,0
DA:147,0
DA:152,0
DA:153,0
DA:154,0
DA:155,0
DA:158,0
DA:160,0
DA:163,0
DA:164,0
DA:188,0
DA:203,0
DA:235,0
DA:250,0
DA:277,0
DA:287,0
LF:86
LH:0
BRDA:24,0,0,0
BRDA:24,0,1,0
BRDA:30,1,0,0
BRDA:30,1,1,0
BRDA:33,2,0,0
BRDA:33,2,1,0
BRDA:36,3,0,0
BRDA:36,3,1,0
BRDA:42,4,0,0
BRDA:42,4,1,0
BRDA:43,5,0,0
BRDA:43,5,1,0
BRDA:48,6,0,0
BRDA:48,6,1,0
BRDA:52,7,0,0
BRDA:52,7,1,0
BRDA:54,8,0,0
BRDA:54,8,1,0
BRDA:67,9,0,0
BRDA:67,9,1,0
BRDA:69,10,0,0
BRDA:69,10,1,0
BRDA:73,11,0,0
BRDA:73,11,1,0
BRDA:77,12,0,0
BRDA:77,12,1,0
BRDA:82,13,0,0
BRDA:82,13,1,0
BRDA:84,14,0,0
BRDA:84,14,1,0
BRDA:121,15,0,0
BRDA:121,15,1,0
BRDA:122,16,0,0
BRDA:122,16,1,0
BRDA:122,17,0,0
BRDA:122,17,1,0
BRDA:123,18,0,0
BRDA:123,18,1,0
BRDA:123,19,0,0
BRDA:123,19,1,0
BRDA:135,20,0,0
BRDA:135,20,1,0
BRDA:136,21,0,0
BRDA:136,21,1,0
BRDA:140,22,0,0
BRDA:140,22,1,0
BRDA:140,23,0,0
BRDA:140,23,1,0
BRDA:140,24,0,0
BRDA:140,24,1,0
BRDA:140,25,0,0
BRDA:140,25,1,0
BRDA:141,26,0,0
BRDA:141,26,1,0
BRDA:141,27,0,0
BRDA:141,27,1,0
BRDA:144,28,0,0
BRDA:144,28,1,0
BRDA:144,29,0,0
BRDA:144,29,1,0
BRDA:145,30,0,0
BRDA:145,30,1,0
BRDA:145,31,0,0
BRDA:145,31,1,0
BRDA:163,32,0,0
BRDA:163,32,1,0
BRDA:163,33,0,0
BRDA:163,33,1,0
BRDA:174,34,0,0
BRDA:174,34,1,0
BRDA:174,34,2,0
BRDA:190,35,0,0
BRDA:190,35,1,0
BRDA:194,36,0,0
BRDA:194,36,1,0
BRDA:238,37,0,0
BRDA:238,37,1,0
BRDA:247,38,0,0
BRDA:247,38,1,0
BRDA:252,39,0,0
BRDA:252,39,1,0
BRDA:253,40,0,0
BRDA:253,40,1,0
BRDA:255,41,0,0
BRDA:255,41,1,0
BRDA:256,42,0,0
BRDA:256,42,1,0
BRDA:256,43,0,0
BRDA:256,43,1,0
BRDA:263,44,0,0
BRDA:263,44,1,0
BRDA:303,45,0,0
BRDA:303,45,1,0
BRF:93
BRH:0
end_of_record
TN:
SF:app/api/sentry-example-api/route.ts
FN:3,(anonymous_0)
FN:9,GET
FNF:2
FNH:0
FNDA:0,(anonymous_0)
FNDA:0,GET
DA:1,0
DA:4,0
DA:5,0
DA:10,0
LF:4
LH:0
BRF:0
BRH:0
end_of_record
TN:
SF:app/auth/context.ts
FNF:0
FNH:0
DA:6,0
LF:1
LH:0
BRF:0
BRH:0
end_of_record
TN:
SF:app/auth/provider.tsx
FN:6,(anonymous_0)
FN:10,(anonymous_1)
FN:14,(anonymous_2)
FN:18,(anonymous_3)
FN:25,(anonymous_4)
FN:30,(anonymous_5)
FNF:6
FNH:0
FNDA:0,(anonymous_0)
FNDA:0,(anonymous_1)
FNDA:0,(anonymous_2)
FNDA:0,(anonymous_3)
FNDA:0,(anonymous_4)
FNDA:0,(anonymous_5)
DA:6,0
DA:10,0
DA:11,0
DA:12,0
DA:14,0
DA:15,0
DA:18,0
DA:19,0
DA:20,0
DA:21,0
DA:22,0
DA:25,0
DA:26,0
DA:27,0
DA:30,0
DA:37,0
LF:16
LH:0
BRF:0
BRH:0
end_of_record
TN:
SF:app/auth/hooks/useAuth.ts
FN:6,(anonymous_0)
FNF:1
FNH:0
FNDA:0,(anonymous_0)
DA:6,0
DA:7,0
DA:8,0
DA:9,0
LF:4
LH:0
BRDA:8,0,0,0
BRDA:8,0,1,0
BRF:2
BRH:0
end_of_record
TN:
SF:app/auth/strategies/base.ts
FNF:0
FNH:0
LF:0
LH:0
BRF:0
BRH:0
end_of_record
TN:
SF:app/auth/strategies/jwt.ts
FN:11,(anonymous_0)
FN:15,(anonymous_1)
FN:25,(anonymous_2)
FN:49,(anonymous_3)
FN:57,(anonymous_4)
FN:61,(anonymous_5)
FNF:6
FNH:0
FNDA:0,(anonymous_0)
FNDA:0,(anonymous_1)
FNDA:0,(anonymous_2)
FNDA:0,(anonymous_3)
FNDA:0,(anonymous_4)
FNDA:0,(anonymous_5)
DA:7,0
DA:8,0
DA:12,0
DA:13,0
DA:14,0
DA:15,0
DA:16,0
DA:18,0
DA:20,0
DA:21,0
DA:26,0
DA:27,0
DA:28,0
DA:31,0
DA:32,0
DA:34,0
DA:40,0
DA:41,0
DA:44,0
DA:45,0
DA:50,0
DA:53,0
DA:54,0
DA:58,0
DA:63,0
DA:64,0
DA:66,0
DA:67,0
LF:28
LH:0
BRDA:31,0,0,0
BRDA:31,0,1,0
BRDA:50,1,0,0
BRDA:50,1,1,0
BRDA:58,2,0,0
BRDA:58,2,1,0
BRF:6
BRH:0
end_of_record
TN:
SF:app/components/AccessDenied.tsx
FN:7,AccessDeniedNotice
FNF:1
FNH:0
FNDA:0,AccessDeniedNotice
DA:5,0
DA:8,0
LF:2
LH:0
BRF:0
BRH:0
end_of_record
TN:
SF:app/components/AccessDenied2.tsx
FN:7,AccessDeniedNotice
FNF:1
FNH:0
FNDA:0,AccessDeniedNotice
DA:5,0
DA:8,0
LF:2
LH:0
BRF:0
BRH:0
end_of_record
TN:
SF:app/components/BackgroundCircle.tsx
FN:8,BackgroundCircle
FNF:1
FNH:0
FNDA:0,BackgroundCircle
DA:9,0
LF:1
LH:0
BRF:0
BRH:0
end_of_record
TN:
SF:app/components/ButtonBase.tsx
FN:13,ButtonBase
FN:18,(anonymous_1)
FNF:2
FNH:0
FNDA:0,ButtonBase
FNDA:0,(anonymous_1)
DA:14,0
DA:16,0
DA:18,0
LF:3
LH:0
BRDA:13,0,0,0
BRDA:18,1,0,0
BRDA:18,1,1,0
BRF:3
BRH:0
end_of_record
TN:
SF:app/components/ButtonWithArrow.tsx
FN:10,ButtonWithArrow
FNF:1
FNH:0
FNDA:0,ButtonWithArrow
DA:11,0
LF:1
LH:0
BRF:0
BRH:0
end_of_record
TN:
SF:app/components/CsvUpload.tsx
FN:8,(anonymous_0)
FN:10,CsvUpload
FN:26,(anonymous_2)
FN:44,(anonymous_3)
FN:52,(anonymous_4)
FN:96,(anonymous_5)
FN:113,(anonymous_6)
FN:123,(anonymous_7)
FN:135,(anonymous_8)
FN:139,(anonymous_9)
FNF:10
FNH:0
FNDA:0,(anonymous_0)
FNDA:0,CsvUpload
FNDA:0,(anonymous_2)
FNDA:0,(anonymous_3)
FNDA:0,(anonymous_4)
FNDA:0,(anonymous_5)
FNDA:0,(anonymous_6)
FNDA:0,(anonymous_7)
FNDA:0,(anonymous_8)
FNDA:0,(anonymous_9)
DA:8,0
DA:19,0
DA:20,0
DA:21,0
DA:22,0
DA:23,0
DA:26,0
DA:28,0
DA:29,0
DA:30,0
DA:31,0
DA:34,0
DA:40,0
DA:41,0
DA:44,0
DA:45,0
DA:46,0
DA:47,0
DA:48,0
DA:49,0
DA:52,0
DA:53,0
DA:54,0
DA:55,0
DA:57,0
DA:59,0
DA:60,0
DA:61,0
DA:63,0
DA:64,0
DA:67,0
DA:69,0
DA:79,0
DA:80,0
DA:82,0
DA:84,0
DA:85,0
DA:86,0
DA:89,0
DA:90,0
DA:93,0
DA:96,0
DA:97,0
DA:100,0
DA:104,0
DA:106,0
DA:108,0
DA:113,0
DA:114,0
DA:115,0
DA:116,0
DA:117,0
DA:118,0
DA:119,0
DA:120,0
DA:123,0
DA:124,0
DA:125,0
DA:126,0
DA:127,0
DA:128,0
DA:131,0
DA:136,0
DA:137,0
DA:139,0
LF:65
LH:0
BRDA:8,0,0,0
BRDA:8,0,1,0
BRDA:28,1,0,0
BRDA:28,1,1,0
BRDA:30,2,0,0
BRDA:30,2,1,0
BRDA:34,3,0,0
BRDA:34,3,1,0
BRDA:40,4,0,0
BRDA:40,4,1,0
BRDA:40,5,0,0
BRDA:40,5,1,0
BRDA:45,6,0,0
BRDA:45,6,1,0
BRDA:46,7,0,0
BRDA:46,7,1,0
BRDA:47,8,0,0
BRDA:47,8,1,0
BRDA:54,9,0,0
BRDA:54,9,1,0
BRDA:59,10,0,0
BRDA:59,10,1,0
BRDA:59,10,2,0
BRDA:60,11,0,0
BRDA:60,11,1,0
BRDA:67,12,0,0
BRDA:67,12,1,0
BRDA:73,13,0,0
BRDA:73,13,1,0
BRDA:79,14,0,0
BRDA:79,14,1,0
BRDA:85,15,0,0
BRDA:85,15,1,0
BRDA:86,16,0,0
BRDA:86,16,1,0
BRDA:90,17,0,0
BRDA:90,17,1,0
BRDA:100,18,0,0
BRDA:100,18,1,0
BRDA:106,19,0,0
BRDA:106,19,1,0
BRDA:106,19,2,0
BRDA:116,20,0,0
BRDA:116,20,1,0
BRDA:119,21,0,0
BRDA:119,21,1,0
BRDA:125,22,0,0
BRDA:125,22,1,0
BRDA:126,23,0,0
BRDA:126,23,1,0
BRDA:142,24,0,0
BRDA:142,24,1,0
BRDA:146,25,0,0
BRDA:146,25,1,0
BRDA:176,26,0,0
BRDA:176,26,1,0
BRDA:177,27,0,0
BRDA:177,27,1,0
BRF:58
BRH:0
end_of_record
TN:
SF:app/components/Footer.tsx
FN:1,(anonymous_0)
FNF:1
FNH:0
FNDA:0,(anonymous_0)
DA:1,0
DA:2,0
LF:2
LH:0
BRF:0
BRH:0
end_of_record
TN:
SF:app/components/IndonesiaMap.tsx
FN:29,(anonymous_0)
FN:66,(anonymous_1)
FN:74,(anonymous_2)
FN:91,(anonymous_3)
FN:111,(anonymous_4)
FN:124,(anonymous_5)
FNF:6
FNH:0
FNDA:0,(anonymous_0)
FNDA:0,(anonymous_1)
FNDA:0,(anonymous_2)
FNDA:0,(anonymous_3)
FNDA:0,(anonymous_4)
FNDA:0,(anonymous_5)
DA:29,0
DA:41,0
DA:42,0
DA:43,0
DA:44,0
DA:46,0
DA:53,0
DA:66,0
DA:74,0
DA:75,0
DA:84,0
DA:91,0
DA:93,0
DA:111,0
DA:124,0
LF:15
LH:0
BRDA:35,0,0,0
BRDA:36,1,0,0
BRDA:37,2,0,0
BRDA:47,3,0,0
BRDA:47,3,1,0
BRDA:48,4,0,0
BRDA:48,4,1,0
BRDA:132,5,0,0
BRDA:132,5,1,0
BRDA:137,6,0,0
BRDA:137,6,1,0
BRF:11
BRH:0
end_of_record
TN:
SF:app/components/LocationButton.tsx
FN:11,LocationButton
FNF:1
FNH:0
FNDA:0,LocationButton
DA:19,0
DA:25,0
DA:31,0
DA:37,0
LF:4
LH:0
BRDA:13,0,0,0
BRDA:14,1,0,0
BRDA:15,2,0,0
BRDA:43,3,0,0
BRDA:43,3,1,0
BRF:5
BRH:0
end_of_record
TN:
SF:app/components/LocationErrorPopup.tsx
FN:30,LocationErrorPopup
FN:46,(anonymous_1)
FN:150,(anonymous_2)
FN:159,(anonymous_3)
FNF:4
FNH:0
FNDA:0,LocationErrorPopup
FNDA:0,(anonymous_1)
FNDA:0,(anonymous_2)
FNDA:0,(anonymous_3)
DA:35,0
DA:46,0
DA:47,0
DA:49,0
DA:51,0
DA:60,0
DA:63,0
DA:73,0
DA:76,0
DA:86,0
DA:89,0
DA:99,0
DA:102,0
DA:115,0
DA:117,0
DA:151,0
DA:159,0
LF:17
LH:0
BRDA:31,0,0,0
BRDA:33,1,0,0
BRDA:49,2,0,0
BRDA:49,2,1,0
BRDA:49,2,2,0
BRDA:49,2,3,0
BRDA:49,2,4,0
BRDA:115,3,0,0
BRDA:115,3,1,0
BRF:9
BRH:0
end_of_record
TN:
SF:app/components/LocationPermissionPopup.tsx
FN:20,(anonymous_0)
FN:28,(anonymous_1)
FN:31,(anonymous_2)
FN:44,(anonymous_3)
FN:47,(anonymous_4)
FN:52,(anonymous_5)
FN:60,(anonymous_6)
FNF:7
FNH:0
FNDA:0,(anonymous_0)
FNDA:0,(anonymous_1)
FNDA:0,(anonymous_2)
FNDA:0,(anonymous_3)
FNDA:0,(anonymous_4)
FNDA:0,(anonymous_5)
FNDA:0,(anonymous_6)
DA:20,0
DA:26,0
DA:28,0
DA:29,0
DA:31,0
DA:32,0
DA:33,0
DA:35,0
DA:36,0
DA:40,0
DA:44,0
DA:46,0
DA:48,0
DA:49,0
DA:50,0
DA:53,0
DA:54,0
DA:55,0
DA:60,0
DA:61,0
DA:62,0
DA:65,0
DA:67,0
LF:23
LH:0
BRDA:29,0,0,0
BRDA:29,0,1,0
BRDA:32,1,0,0
BRDA:32,1,1,0
BRDA:65,2,0,0
BRDA:65,2,1,0
BRF:6
BRH:0
end_of_record
TN:
SF:app/components/MapLoadErrorPopup.tsx
FN:16,(anonymous_0)
FNF:1
FNH:0
FNDA:0,(anonymous_0)
DA:16,0
DA:17,0
DA:18,0
DA:21,0
LF:4
LH:0
BRDA:17,0,0,0
BRDA:17,0,1,0
BRF:2
BRH:0
end_of_record
TN:
SF:app/components/MicrosoftClarity.tsx
FN:9,MicrosoftClarity
FNF:1
FNH:0
FNDA:0,MicrosoftClarity
DA:10,0
LF:1
LH:0
BRF:0
BRH:0
end_of_record
TN:
SF:app/components/Navbar.tsx
FN:12,Navbar
FN:18,(anonymous_1)
FN:32,(anonymous_2)
FN:41,(anonymous_3)
FN:100,resolveRoleLinks
FN:112,formatRoleLabel
FN:118,RoleAccessMenu
FN:139,(anonymous_7)
FN:161,(anonymous_8)
FN:186,CuratorDropdown
FN:208,(anonymous_10)
FN:231,(anonymous_11)
FN:256,(anonymous_12)
FN:270,NavbarContent
FN:274,(anonymous_14)
FN:279,(anonymous_15)
FNF:16
FNH:0
FNDA:0,Navbar
FNDA:0,(anonymous_1)
FNDA:0,(anonymous_2)
FNDA:0,(anonymous_3)
FNDA:0,resolveRoleLinks
FNDA:0,formatRoleLabel
FNDA:0,RoleAccessMenu
FNDA:0,(anonymous_7)
FNDA:0,(anonymous_8)
FNDA:0,CuratorDropdown
FNDA:0,(anonymous_10)
FNDA:0,(anonymous_11)
FNDA:0,(anonymous_12)
FNDA:0,NavbarContent
FNDA:0,(anonymous_14)
FNDA:0,(anonymous_15)
DA:13,0
DA:18,0
DA:19,0
DA:21,0
DA:32,0
DA:41,0
DA:54,0
DA:56,0
DA:93,0
DA:101,0
DA:102,0
DA:104,0
DA:113,0
DA:114,0
DA:115,0
DA:119,0
DA:121,0
DA:123,0
DA:140,0
DA:141,0
DA:162,0
DA:187,0
DA:189,0
DA:191,0
DA:209,0
DA:210,0
DA:232,0
DA:256,0
DA:257,0
DA:258,0
DA:260,0
DA:271,0
DA:272,0
DA:274,0
DA:275,0
DA:276,0
DA:279,0
DA:280,0
DA:281,0
DA:284,0
LF:40
LH:0
BRDA:41,0,0,0
BRDA:41,0,1,0
BRDA:102,1,0,0
BRDA:102,1,1,0
BRDA:105,2,0,0
BRDA:105,2,1,0
BRDA:105,2,2,0
BRDA:105,2,3,0
BRDA:113,3,0,0
BRDA:113,3,1,0
BRDA:115,4,0,0
BRDA:115,4,1,0
BRDA:121,5,0,0
BRDA:121,5,1,0
BRDA:143,6,0,0
BRDA:143,6,1,0
BRDA:147,7,0,0
BRDA:147,7,1,0
BRDA:154,8,0,0
BRDA:154,8,1,0
BRDA:154,8,2,0
BRDA:159,9,0,0
BRDA:159,9,1,0
BRDA:159,9,2,0
BRDA:163,10,0,0
BRDA:163,10,1,0
BRDA:187,11,0,0
BRDA:187,11,1,0
BRDA:189,12,0,0
BRDA:189,12,1,0
BRDA:199,13,0,0
BRDA:199,13,1,0
BRDA:212,14,0,0
BRDA:212,14,1,0
BRDA:216,15,0,0
BRDA:216,15,1,0
BRDA:223,16,0,0
BRDA:223,16,1,0
BRDA:223,16,2,0
BRDA:229,17,0,0
BRDA:229,17,1,0
BRDA:229,17,2,0
BRDA:233,18,0,0
BRDA:233,18,1,0
BRDA:263,19,0,0
BRDA:263,19,1,0
BRDA:298,20,0,0
BRDA:298,20,1,0
BRF:48
BRH:0
end_of_record
TN:
SF:app/components/NoDataPopup.tsx
FN:15,(anonymous_0)
FNF:1
FNH:0
FNDA:0,(anonymous_0)
DA:15,0
DA:17,0
LF:2
LH:0
BRF:0
BRH:0
end_of_record
TN:
SF:app/components/ToastCenter.tsx
FN:4,(anonymous_0)
FNF:1
FNH:0
FNDA:0,(anonymous_0)
DA:4,0
DA:6,0
LF:2
LH:0
BRF:0
BRH:0
end_of_record
TN:
SF:app/components/password-settings.tsx
FN:13,PasswordSettings
FN:42,(anonymous_1)
FN:95,(anonymous_2)
FN:172,(anonymous_3)
FN:187,(anonymous_4)
FN:202,(anonymous_5)
FNF:6
FNH:0
FNDA:0,PasswordSettings
FNDA:0,(anonymous_1)
FNDA:0,(anonymous_2)
FNDA:0,(anonymous_3)
FNDA:0,(anonymous_4)
FNDA:0,(anonymous_5)
DA:14,0
DA:15,0
DA:17,0
DA:18,0
DA:19,0
DA:20,0
DA:21,0
DA:22,0
DA:25,0
DA:26,0
DA:27,0
DA:28,0
DA:29,0
DA:30,0
DA:34,0
DA:42,0
DA:43,0
DA:46,0
DA:47,0
DA:50,0
DA:51,0
DA:52,0
DA:56,0
DA:57,0
DA:58,0
DA:61,0
DA:63,0
DA:64,0
DA:66,0
DA:81,0
DA:83,0
DA:84,0
DA:87,0
DA:90,0
DA:91,0
DA:92,0
DA:95,0
DA:96,0
DA:100,0
DA:101,0
DA:104,0
DA:107,0
DA:111,0
DA:172,0
DA:187,0
DA:202,0
LF:46
LH:0
BRDA:34,0,0,0
BRDA:34,0,1,0
BRDA:34,0,2,0
BRDA:34,0,3,0
BRDA:34,0,4,0
BRDA:34,0,5,0
BRDA:50,1,0,0
BRDA:50,1,1,0
BRDA:56,2,0,0
BRDA:56,2,1,0
BRDA:72,3,0,0
BRDA:72,3,1,0
BRDA:83,4,0,0
BRDA:83,4,1,0
BRDA:84,5,0,0
BRDA:84,5,1,0
BRDA:87,6,0,0
BRDA:87,6,1,0
BRDA:100,7,0,0
BRDA:100,7,1,0
BRDA:121,8,0,0
BRDA:121,8,1,0
BRDA:127,9,0,0
BRDA:127,9,1,0
BRDA:200,10,0,0
BRDA:200,10,1,0
BRDA:200,11,0,0
BRDA:200,11,1,0
BRDA:205,12,0,0
BRDA:205,12,1,0
BRDA:205,12,2,0
BRDA:215,13,0,0
BRDA:215,13,1,0
BRDA:215,13,2,0
BRDA:217,14,0,0
BRDA:217,14,1,0
BRF:36
BRH:0
end_of_record
TN:
SF:app/components/about/SectionContainer.tsx
FN:8,SectionContainer
FNF:1
FNH:0
FNDA:0,SectionContainer
DA:9,0
LF:1
LH:0
BRF:0
BRH:0
end_of_record
TN:
SF:app/components/case_detail/AlertLevel.tsx
FN:8,(anonymous_0)
FN:17,(anonymous_1)
FNF:2
FNH:0
FNDA:0,(anonymous_0)
FNDA:0,(anonymous_1)
DA:8,0
DA:9,0
DA:18,0
LF:3
LH:0
BRDA:18,0,0,0
BRDA:18,0,1,0
BRF:2
BRH:0
end_of_record
TN:
SF:app/components/case_detail/CaseDetailHeader.tsx
FN:8,(anonymous_0)
FNF:1
FNH:0
FNDA:0,(anonymous_0)
DA:8,0
DA:9,0
LF:2
LH:0
BRF:0
BRH:0
end_of_record
TN:
SF:app/components/case_detail/CaseInfo.tsx
FN:8,(anonymous_0)
FNF:1
FNH:0
FNDA:0,(anonymous_0)
DA:8,0
DA:9,0
LF:2
LH:0
BRDA:26,0,0,0
BRDA:26,0,1,0
BRF:2
BRH:0
end_of_record
TN:
SF:app/components/case_detail/HealthProtocols.tsx
FN:8,(anonymous_0)
FN:13,(anonymous_1)
FNF:2
FNH:0
FNDA:0,(anonymous_0)
FNDA:0,(anonymous_1)
DA:8,0
DA:9,0
DA:14,0
LF:3
LH:0
BRDA:9,0,0,0
BRDA:9,0,1,0
BRF:2
BRH:0
end_of_record
TN:
SF:app/components/case_detail/MapTooltip.tsx
FN:12,(anonymous_0)
FNF:1
FNH:0
FNDA:0,(anonymous_0)
DA:12,0
DA:13,0
LF:2
LH:0
BRF:0
BRH:0
end_of_record
TN:
SF:app/components/case_detail/NewsSection.tsx
FN:9,(anonymous_0)
FN:12,(anonymous_1)
FN:17,(anonymous_2)
FNF:3
FNH:0
FNDA:0,(anonymous_0)
FNDA:0,(anonymous_1)
FNDA:0,(anonymous_2)
DA:9,0
DA:10,0
DA:12,0
DA:17,0
DA:22,0
LF:5
LH:0
BRDA:22,0,0,0
BRDA:22,0,1,0
BRDA:27,1,0,0
BRDA:27,1,1,0
BRDA:29,2,0,0
BRDA:29,2,1,0
BRDA:34,3,0,0
BRDA:34,3,1,0
BRF:8
BRH:0
end_of_record
TN:
SF:app/components/case_detail/RelatedSearch.tsx
FN:7,(anonymous_0)
FNF:1
FNH:0
FNDA:0,(anonymous_0)
DA:7,0
DA:8,0
LF:2
LH:0
BRDA:11,0,0,0
BRDA:11,0,1,0
BRF:2
BRH:0
end_of_record
TN:
SF:app/components/case_detail/types.ts
FNF:0
FNH:0
LF:0
LH:0
BRF:0
BRH:0
end_of_record
TN:
SF:app/components/dashboard/CasesLevel.tsx
FN:20,AmChartTingkatanKasus
FN:26,(anonymous_1)
FN:26,(anonymous_2)
FN:29,(anonymous_3)
FN:54,(anonymous_4)
FN:55,(anonymous_5)
FN:80,(anonymous_6)
FN:82,(anonymous_7)
FN:116,(anonymous_8)
FN:120,(anonymous_9)
FN:129,(anonymous_10)
FN:130,(anonymous_11)
FN:144,(anonymous_12)
FN:146,(anonymous_13)
FN:147,(anonymous_14)
FN:175,(anonymous_15)
FN:188,(anonymous_16)
FN:189,(anonymous_17)
FNF:18
FNH:0
FNDA:0,AmChartTingkatanKasus
FNDA:0,(anonymous_1)
FNDA:0,(anonymous_2)
FNDA:0,(anonymous_3)
FNDA:0,(anonymous_4)
FNDA:0,(anonymous_5)
FNDA:0,(anonymous_6)
FNDA:0,(anonymous_7)
FNDA:0,(anonymous_8)
FNDA:0,(anonymous_9)
FNDA:0,(anonymous_10)
FNDA:0,(anonymous_11)
FNDA:0,(anonymous_12)
FNDA:0,(anonymous_13)
FNDA:0,(anonymous_14)
FNDA:0,(anonymous_15)
FNDA:0,(anonymous_16)
FNDA:0,(anonymous_17)
DA:21,0
DA:22,0
DA:24,0
DA:26,0
DA:29,0
DA:30,0
DA:32,0
DA:33,0
DA:35,0
DA:36,0
DA:37,0
DA:38,0
DA:40,0
DA:42,0
DA:52,0
DA:53,0
DA:54,0
DA:55,0
DA:61,0
DA:70,0
DA:74,0
DA:80,0
DA:82,0
DA:83,0
DA:84,0
DA:98,0
DA:99,0
DA:102,0
DA:105,0
DA:107,0
DA:108,0
DA:110,0
DA:116,0
DA:117,0
DA:118,0
DA:120,0
DA:121,0
DA:122,0
DA:124,0
DA:129,0
DA:130,0
DA:131,0
DA:139,0
DA:140,0
DA:142,0
DA:144,0
DA:145,0
DA:146,0
DA:147,0
DA:148,0
DA:152,0
DA:153,0
DA:154,0
DA:172,0
DA:173,0
DA:175,0
DA:177,0
DA:179,0
DA:183,0
DA:188,0
DA:189,0
LF:61
LH:0
BRDA:24,0,0,0
BRDA:24,0,1,0
BRDA:26,1,0,0
BRDA:26,1,1,0
BRDA:30,2,0,0
BRDA:30,2,1,0
BRDA:30,3,0,0
BRDA:30,3,1,0
BRDA:118,4,0,0
BRDA:118,4,1,0
BRDA:121,5,0,0
BRDA:121,5,1,0
BRDA:153,6,0,0
BRDA:153,6,1,0
BRF:14
BRH:0
end_of_record
TN:
SF:app/components/dashboard/CasesOrder.tsx
FN:10,(anonymous_0)
FNF:1
FNH:0
FNDA:0,(anonymous_0)
DA:10,0
DA:11,0
DA:12,0
LF:3
LH:0
BRF:0
BRH:0
end_of_record
TN:
SF:app/components/dashboard/DetailDistribution.tsx
FN:13,(anonymous_0)
FN:20,(anonymous_1)
FN:35,(anonymous_2)
FN:74,(anonymous_3)
FN:90,(anonymous_4)
FN:122,(anonymous_5)
FN:128,(anonymous_6)
FN:134,(anonymous_7)
FN:141,(anonymous_8)
FNF:9
FNH:0
FNDA:0,(anonymous_0)
FNDA:0,(anonymous_1)
FNDA:0,(anonymous_2)
FNDA:0,(anonymous_3)
FNDA:0,(anonymous_4)
FNDA:0,(anonymous_5)
FNDA:0,(anonymous_6)
FNDA:0,(anonymous_7)
FNDA:0,(anonymous_8)
DA:13,0
DA:14,0
DA:15,0
DA:16,0
DA:18,0
DA:20,0
DA:21,0
DA:27,0
DA:28,0
DA:31,0
DA:35,0
DA:36,0
DA:38,0
DA:39,0
DA:49,0
DA:50,0
DA:51,0
DA:54,0
DA:55,0
DA:56,0
DA:74,0
DA:75,0
DA:76,0
DA:82,0
DA:83,0
DA:86,0
DA:90,0
DA:122,0
DA:128,0
DA:134,0
DA:142,0
LF:31
LH:0
BRDA:21,0,0,0
BRDA:21,0,1,0
BRDA:36,1,0,0
BRDA:36,1,1,0
BRDA:49,2,0,0
BRDA:49,2,1,0
BRDA:49,3,0,0
BRDA:49,3,1,0
BRDA:50,4,0,0
BRDA:50,4,1,0
BRDA:50,5,0,0
BRDA:50,5,1,0
BRDA:75,6,0,0
BRDA:75,6,1,0
BRDA:76,7,0,0
BRDA:76,7,1,0
BRDA:82,8,0,0
BRDA:82,8,1,0
BRDA:93,9,0,0
BRDA:93,9,1,0
BRDA:144,10,0,0
BRDA:144,10,1,0
BRDA:160,11,0,0
BRDA:160,11,1,0
BRDA:162,12,0,0
BRDA:162,12,1,0
BRDA:162,13,0,0
BRDA:162,13,1,0
BRDA:171,14,0,0
BRDA:171,14,1,0
BRDA:173,15,0,0
BRDA:173,15,1,0
BRDA:173,16,0,0
BRDA:173,16,1,0
BRF:34
BRH:0
end_of_record
TN:
SF:app/components/dashboard/DownloadButton.tsx
FN:43,(anonymous_0)
FN:46,(anonymous_1)
FN:49,(anonymous_2)
FN:80,(anonymous_3)
FN:85,(anonymous_4)
FN:90,(anonymous_5)
FN:91,(anonymous_6)
FN:98,(anonymous_7)
FN:122,(anonymous_8)
FN:133,(anonymous_9)
FNF:10
FNH:0
FNDA:0,(anonymous_0)
FNDA:0,(anonymous_1)
FNDA:0,(anonymous_2)
FNDA:0,(anonymous_3)
FNDA:0,(anonymous_4)
FNDA:0,(anonymous_5)
FNDA:0,(anonymous_6)
FNDA:0,(anonymous_7)
FNDA:0,(anonymous_8)
FNDA:0,(anonymous_9)
DA:36,0
DA:38,0
DA:43,0
DA:44,0
DA:46,0
DA:47,0
DA:49,0
DA:70,0
DA:71,0
DA:74,0
DA:76,0
DA:77,0
DA:78,0
DA:80,0
DA:81,0
DA:82,0
DA:84,0
DA:85,0
DA:86,0
DA:90,0
DA:91,0
DA:92,0
DA:93,0
DA:98,0
DA:99,0
DA:101,0
DA:102,0
DA:103,0
DA:106,0
DA:107,0
DA:109,0
DA:112,0
DA:116,0
DA:117,0
DA:118,0
DA:119,0
DA:120,0
DA:121,0
DA:122,0
DA:123,0
DA:124,0
DA:126,0
DA:127,0
DA:129,0
DA:133,0
DA:134,0
DA:136,0
DA:137,0
DA:138,0
DA:139,0
DA:140,0
DA:143,0
DA:144,0
DA:145,0
DA:148,0
DA:149,0
DA:150,0
DA:151,0
DA:152,0
DA:153,0
DA:154,0
DA:155,0
DA:156,0
DA:157,0
DA:158,0
DA:160,0
DA:161,0
DA:163,0
DA:167,0
DA:173,0
LF:70
LH:0
BRDA:44,0,0,0
BRDA:44,0,1,0
BRDA:47,1,0,0
BRDA:47,1,1,0
BRDA:56,2,0,0
BRDA:58,3,0,0
BRDA:59,4,0,0
BRDA:60,5,0,0
BRDA:61,6,0,0
BRDA:62,7,0,0
BRDA:63,8,0,0
BRDA:64,9,0,0
BRDA:65,10,0,0
BRDA:66,11,0,0
BRDA:76,12,0,0
BRDA:76,12,1,0
BRDA:76,12,2,0
BRDA:78,13,0,0
BRDA:78,13,1,0
BRDA:81,14,0,0
BRDA:81,14,1,0
BRDA:92,15,0,0
BRDA:92,15,1,0
BRDA:99,16,0,0
BRDA:99,16,1,0
BRDA:99,17,0,0
BRDA:99,17,1,0
BRDA:101,18,0,0
BRDA:101,18,1,0
BRDA:101,19,0,0
BRDA:101,19,1,0
BRDA:101,20,0,0
BRDA:101,20,1,0
BRDA:109,21,0,0
BRDA:109,21,1,0
BRDA:112,22,0,0
BRDA:112,22,1,0
BRDA:134,23,0,0
BRDA:134,23,1,0
BRDA:137,24,0,0
BRDA:137,24,1,0
BRDA:143,25,0,0
BRDA:143,25,1,0
BRDA:143,26,0,0
BRDA:143,26,1,0
BRDA:167,27,0,0
BRDA:167,27,1,0
BRDA:168,28,0,0
BRDA:168,28,1,0
BRDA:176,29,0,0
BRDA:176,29,1,0
BRDA:178,30,0,0
BRDA:178,30,1,0
BRDA:186,31,0,0
BRDA:186,31,1,0
BRDA:192,32,0,0
BRDA:192,32,1,0
BRDA:202,33,0,0
BRDA:202,33,1,0
BRDA:208,34,0,0
BRDA:208,34,1,0
BRDA:210,35,0,0
BRDA:210,35,1,0
BRDA:217,36,0,0
BRDA:217,36,1,0
BRDA:218,37,0,0
BRDA:218,37,1,0
BRDA:221,38,0,0
BRDA:221,38,1,0
BRF:69
BRH:0
end_of_record
TN:
SF:app/components/dashboard/ExcelVisualizationCard.tsx
FN:13,(anonymous_0)
FN:24,(anonymous_1)
FN:26,(anonymous_2)
FN:29,(anonymous_3)
FN:46,(anonymous_4)
FN:66,(anonymous_5)
FN:75,(anonymous_6)
FN:91,(anonymous_7)
FN:93,(anonymous_8)
FN:94,(anonymous_9)
FN:97,(anonymous_10)
FN:109,(anonymous_11)
FN:138,(anonymous_12)
FN:161,(anonymous_13)
FN:162,(anonymous_14)
FN:163,(anonymous_15)
FN:164,(anonymous_16)
FNF:17
FNH:0
FNDA:0,(anonymous_0)
FNDA:0,(anonymous_1)
FNDA:0,(anonymous_2)
FNDA:0,(anonymous_3)
FNDA:0,(anonymous_4)
FNDA:0,(anonymous_5)
FNDA:0,(anonymous_6)
FNDA:0,(anonymous_7)
FNDA:0,(anonymous_8)
FNDA:0,(anonymous_9)
FNDA:0,(anonymous_10)
FNDA:0,(anonymous_11)
FNDA:0,(anonymous_12)
FNDA:0,(anonymous_13)
FNDA:0,(anonymous_14)
FNDA:0,(anonymous_15)
FNDA:0,(anonymous_16)
DA:13,0
DA:14,0
DA:15,0
DA:16,0
DA:18,0
DA:19,0
DA:21,0
DA:24,0
DA:25,0
DA:26,0
DA:29,0
DA:30,0
DA:32,0
DA:45,0
DA:46,0
DA:48,0
DA:50,0
DA:59,0
DA:66,0
DA:70,0
DA:71,0
DA:75,0
DA:84,0
DA:85,0
DA:86,0
DA:88,0
DA:91,0
DA:92,0
DA:93,0
DA:94,0
DA:96,0
DA:98,0
DA:109,0
DA:113,0
DA:114,0
DA:121,0
DA:139,0
DA:155,0
DA:161,0
DA:162,0
DA:163,0
DA:164,0
LF:42
LH:0
BRDA:14,0,0,0
BRDA:14,0,1,0
BRDA:15,1,0,0
BRDA:15,1,1,0
BRDA:18,2,0,0
BRDA:18,2,1,0
BRDA:45,3,0,0
BRDA:45,3,1,0
BRDA:46,4,0,0
BRDA:46,4,1,0
BRDA:70,5,0,0
BRDA:70,5,1,0
BRDA:77,6,0,0
BRDA:77,6,1,0
BRDA:77,6,2,0
BRDA:78,7,0,0
BRDA:78,7,1,0
BRDA:96,8,0,0
BRDA:96,8,1,0
BRDA:103,9,0,0
BRDA:103,9,1,0
BRDA:113,10,0,0
BRDA:113,10,1,0
BRDA:142,11,0,0
BRDA:142,11,1,0
BRDA:142,11,2,0
BRDA:145,12,0,0
BRDA:145,12,1,0
BRDA:162,13,0,0
BRDA:162,13,1,0
BRF:30
BRH:0
end_of_record
TN:
SF:app/components/dashboard/FilterForm.tsx
FN:41,(anonymous_0)
FN:46,(anonymous_1)
FN:47,(anonymous_2)
FN:55,(anonymous_3)
FN:61,(anonymous_4)
FN:72,(anonymous_5)
FN:79,(anonymous_6)
FN:95,(anonymous_7)
FN:112,(anonymous_8)
FN:136,(anonymous_9)
FN:153,(anonymous_10)
FN:178,(anonymous_11)
FN:191,(anonymous_12)
FN:229,(anonymous_13)
FN:241,(anonymous_14)
FN:248,(anonymous_15)
FN:258,(anonymous_16)
FN:263,(anonymous_17)
FN:277,(anonymous_18)
FN:279,(anonymous_19)
FN:289,(anonymous_20)
FN:294,(anonymous_21)
FN:302,(anonymous_22)
FN:318,(anonymous_23)
FN:327,(anonymous_24)
FN:341,(anonymous_25)
FN:347,(anonymous_26)
FN:348,(anonymous_27)
FN:360,(anonymous_28)
FN:361,(anonymous_29)
FN:368,(anonymous_30)
FN:369,(anonymous_31)
FN:384,(anonymous_32)
FN:398,(anonymous_33)
FN:424,(anonymous_34)
FN:428,(anonymous_35)
FN:431,fetchFilters
FN:464,(anonymous_37)
FN:503,(anonymous_38)
FN:508,(anonymous_39)
FN:512,(anonymous_40)
FN:520,(anonymous_41)
FN:524,(anonymous_42)
FN:538,(anonymous_43)
FN:569,(anonymous_44)
FNF:45
FNH:0
FNDA:0,(anonymous_0)
FNDA:0,(anonymous_1)
FNDA:0,(anonymous_2)
FNDA:0,(anonymous_3)
FNDA:0,(anonymous_4)
FNDA:0,(anonymous_5)
FNDA:0,(anonymous_6)
FNDA:0,(anonymous_7)
FNDA:0,(anonymous_8)
FNDA:0,(anonymous_9)
FNDA:0,(anonymous_10)
FNDA:0,(anonymous_11)
FNDA:0,(anonymous_12)
FNDA:0,(anonymous_13)
FNDA:0,(anonymous_14)
FNDA:0,(anonymous_15)
FNDA:0,(anonymous_16)
FNDA:0,(anonymous_17)
FNDA:0,(anonymous_18)
FNDA:0,(anonymous_19)
FNDA:0,(anonymous_20)
FNDA:0,(anonymous_21)
FNDA:0,(anonymous_22)
FNDA:0,(anonymous_23)
FNDA:0,(anonymous_24)
FNDA:0,(anonymous_25)
FNDA:0,(anonymous_26)
FNDA:0,(anonymous_27)
FNDA:0,(anonymous_28)
FNDA:0,(anonymous_29)
FNDA:0,(anonymous_30)
FNDA:0,(anonymous_31)
FNDA:0,(anonymous_32)
FNDA:0,(anonymous_33)
FNDA:0,(anonymous_34)
FNDA:0,(anonymous_35)
FNDA:0,fetchFilters
FNDA:0,(anonymous_37)
FNDA:0,(anonymous_38)
FNDA:0,(anonymous_39)
FNDA:0,(anonymous_40)
FNDA:0,(anonymous_41)
FNDA:0,(anonymous_42)
FNDA:0,(anonymous_43)
FNDA:0,(anonymous_44)
DA:38,0
DA:39,0
DA:41,0
DA:42,0
DA:43,0
DA:46,0
DA:47,0
DA:52,0
DA:55,0
DA:61,0
DA:62,0
DA:63,0
DA:65,0
DA:68,0
DA:72,0
DA:73,0
DA:79,0
DA:80,0
DA:95,0
DA:110,0
DA:112,0
DA:113,0
DA:116,0
DA:117,0
DA:120,0
DA:136,0
DA:151,0
DA:153,0
DA:154,0
DA:157,0
DA:158,0
DA:161,0
DA:178,0
DA:189,0
DA:191,0
DA:192,0
DA:195,0
DA:196,0
DA:199,0
DA:229,0
DA:236,0
DA:242,0
DA:248,0
DA:258,0
DA:259,0
DA:260,0
DA:263,0
DA:274,0
DA:275,0
DA:277,0
DA:278,0
DA:279,0
DA:281,0
DA:282,0
DA:284,0
DA:288,0
DA:289,0
DA:294,0
DA:302,0
DA:303,0
DA:311,0
DA:312,0
DA:315,0
DA:318,0
DA:327,0
DA:341,0
DA:346,0
DA:348,0
DA:354,0
DA:357,0
DA:360,0
DA:361,0
DA:362,0
DA:363,0
DA:368,0
DA:369,0
DA:370,0
DA:371,0
DA:375,0
DA:377,0
DA:379,0
DA:380,0
DA:381,0
DA:383,0
DA:384,0
DA:385,0
DA:386,0
DA:388,0
DA:393,0
DA:394,0
DA:398,0
DA:404,0
DA:405,0
DA:406,0
DA:407,0
DA:408,0
DA:409,0
DA:410,0
DA:411,0
DA:412,0
DA:420,0
DA:421,0
DA:422,0
DA:424,0
DA:425,0
DA:428,0
DA:429,0
DA:432,0
DA:433,0
DA:434,0
DA:435,0
DA:436,0
DA:439,0
DA:440,0
DA:442,0
DA:444,0
DA:445,0
DA:446,0
DA:447,0
DA:450,0
DA:452,0
DA:453,0
DA:454,0
DA:458,0
DA:459,0
DA:462,0
DA:464,0
DA:466,0
DA:472,0
DA:474,0
DA:475,0
DA:491,0
DA:492,0
DA:495,0
DA:496,0
DA:501,0
DA:503,0
DA:504,0
DA:508,0
DA:509,0
DA:512,0
DA:513,0
DA:517,0
DA:520,0
DA:521,0
DA:524,0
DA:525,0
DA:526,0
DA:527,0
DA:530,0
DA:531,0
DA:532,0
DA:535,0
DA:538,0
DA:539,0
DA:540,0
DA:542,0
DA:543,0
DA:554,0
DA:556,0
DA:557,0
DA:560,0
DA:561,0
DA:563,0
DA:569,0
DA:570,0
DA:571,0
DA:572,0
DA:573,0
DA:574,0
DA:575,0
DA:576,0
DA:579,0
DA:580,0
DA:583,0
DA:584,0
DA:587,0
LF:177
LH:0
BRDA:41,0,0,0
BRDA:42,1,0,0
BRDA:42,1,1,0
BRDA:49,2,0,0
BRDA:49,2,1,0
BRDA:61,3,0,0
BRDA:61,3,1,0
BRDA:62,4,0,0
BRDA:62,4,1,0
BRDA:74,5,0,0
BRDA:74,5,1,0
BRDA:101,6,0,0
BRDA:116,7,0,0
BRDA:116,7,1,0
BRDA:157,8,0,0
BRDA:157,8,1,0
BRDA:195,9,0,0
BRDA:195,9,1,0
BRDA:209,10,0,0
BRDA:209,10,1,0
BRDA:220,11,0,0
BRDA:220,11,1,0
BRDA:246,12,0,0
BRDA:246,12,1,0
BRDA:250,13,0,0
BRDA:250,13,1,0
BRDA:281,14,0,0
BRDA:281,14,1,0
BRDA:298,15,0,0
BRDA:298,15,1,0
BRDA:298,16,0,0
BRDA:298,16,1,0
BRDA:311,17,0,0
BRDA:311,17,1,0
BRDA:348,18,0,0
BRDA:348,18,1,0
BRDA:362,19,0,0
BRDA:362,19,1,0
BRDA:370,20,0,0
BRDA:370,20,1,0
BRDA:379,21,0,0
BRDA:379,21,1,0
BRDA:380,22,0,0
BRDA:380,22,1,0
BRDA:381,23,0,0
BRDA:381,23,1,0
BRDA:383,24,0,0
BRDA:383,24,1,0
BRDA:385,25,0,0
BRDA:385,25,1,0
BRDA:393,26,0,0
BRDA:393,26,1,0
BRDA:399,27,0,0
BRDA:435,28,0,0
BRDA:435,28,1,0
BRDA:446,29,0,0
BRDA:446,29,1,0
BRDA:453,30,0,0
BRDA:453,30,1,0
BRDA:458,31,0,0
BRDA:458,31,1,0
BRDA:462,32,0,0
BRDA:462,32,1,0
BRDA:463,33,0,0
BRDA:463,33,1,0
BRDA:474,34,0,0
BRDA:474,34,1,0
BRDA:491,35,0,0
BRDA:491,35,1,0
BRDA:495,36,0,0
BRDA:495,36,1,0
BRDA:525,37,0,0
BRDA:525,37,1,0
BRDA:530,38,0,0
BRDA:530,38,1,0
BRDA:556,39,0,0
BRDA:556,39,1,0
BRDA:579,40,0,0
BRDA:579,40,1,0
BRDA:583,41,0,0
BRDA:583,41,1,0
BRDA:662,42,0,0
BRDA:662,42,1,0
BRF:83
BRH:0
end_of_record
TN:
SF:app/components/dashboard/FilterSection.tsx
FN:13,(anonymous_0)
FNF:1
FNH:0
FNDA:0,(anonymous_0)
DA:13,0
DA:18,0
LF:2
LH:0
BRF:0
BRH:0
end_of_record
TN:
SF:app/components/dashboard/GeneralInformation.tsx
FN:54,(anonymous_0)
FN:70,(anonymous_1)
FN:75,(anonymous_2)
FN:87,(anonymous_3)
FN:88,(anonymous_4)
FNF:5
FNH:0
FNDA:0,(anonymous_0)
FNDA:0,(anonymous_1)
FNDA:0,(anonymous_2)
FNDA:0,(anonymous_3)
FNDA:0,(anonymous_4)
DA:14,0
DA:54,0
DA:55,0
DA:56,0
DA:59,0
DA:70,0
DA:71,0
DA:75,0
DA:79,0
DA:87,0
DA:88,0
DA:95,0
DA:98,0
DA:103,0
DA:104,0
DA:193,0
LF:16
LH:0
BRDA:54,0,0,0
BRDA:95,1,0,0
BRDA:95,1,1,0
BRDA:103,2,0,0
BRDA:204,3,0,0
BRDA:204,3,1,0
BRDA:207,4,0,0
BRDA:207,4,1,0
BRF:8
BRH:0
end_of_record
TN:
SF:app/components/dashboard/InformationSection.tsx
FN:16,(anonymous_0)
FN:42,(anonymous_1)
FN:52,(anonymous_2)
FNF:3
FNH:0
FNDA:0,(anonymous_0)
FNDA:0,(anonymous_1)
FNDA:0,(anonymous_2)
DA:16,0
DA:17,0
DA:19,0
DA:22,0
DA:23,0
DA:24,0
DA:25,0
DA:26,0
DA:27,0
DA:29,0
DA:32,0
DA:42,0
DA:52,0
LF:13
LH:0
BRDA:16,0,0,0
BRDA:22,1,0,0
BRDA:22,1,1,0
BRDA:24,2,0,0
BRDA:24,2,1,0
BRDA:26,3,0,0
BRDA:26,3,1,0
BRDA:38,4,0,0
BRDA:38,4,1,0
BRDA:48,5,0,0
BRDA:48,5,1,0
BRF:11
BRH:0
end_of_record
TN:
SF:app/components/dashboard/PrevalenceCard.tsx
FN:10,(anonymous_0)
FN:35,(anonymous_1)
FN:36,(anonymous_2)
FNF:3
FNH:0
FNDA:0,(anonymous_0)
FNDA:0,(anonymous_1)
FNDA:0,(anonymous_2)
DA:10,0
DA:15,0
DA:17,0
DA:20,0
DA:22,0
DA:23,0
DA:30,0
DA:35,0
DA:36,0
LF:9
LH:0
BRDA:17,0,0,0
BRDA:17,0,1,0
BRDA:17,0,2,0
BRDA:17,0,3,0
BRDA:22,1,0,0
BRDA:54,2,0,0
BRDA:54,2,1,0
BRDA:61,3,0,0
BRDA:61,3,1,0
BRF:9
BRH:0
end_of_record
TN:
SF:app/components/dashboard/age_statistic/AgeStatisticCard.tsx
FN:26,AgeStatisticCard
FN:33,(anonymous_1)
FN:37,(anonymous_2)
FN:136,(anonymous_3)
FN:146,(anonymous_4)
FN:147,(anonymous_5)
FNF:6
FNH:0
FNDA:0,AgeStatisticCard
FNDA:0,(anonymous_1)
FNDA:0,(anonymous_2)
FNDA:0,(anonymous_3)
FNDA:0,(anonymous_4)
FNDA:0,(anonymous_5)
DA:15,0
DA:27,0
DA:28,0
DA:33,0
DA:35,0
DA:37,0
DA:43,0
DA:46,0
DA:49,0
DA:60,0
DA:61,0
DA:64,0
DA:69,0
DA:78,0
DA:80,0
DA:88,0
DA:92,0
DA:96,0
DA:104,0
DA:118,0
DA:128,0
DA:129,0
DA:132,0
DA:133,0
DA:136,0
DA:137,0
DA:141,0
DA:146,0
DA:147,0
LF:29
LH:0
BRDA:35,0,0,0
BRDA:155,1,0,0
BRDA:155,1,1,0
BRF:3
BRH:0
end_of_record
TN:
SF:app/components/dashboard/area_map/AreaMap.tsx
FN:5,(anonymous_0)
FN:44,(anonymous_1)
FN:45,(anonymous_2)
FN:48,(anonymous_3)
FN:49,(anonymous_4)
FN:110,(anonymous_5)
FN:135,(anonymous_6)
FNF:7
FNH:0
FNDA:0,(anonymous_0)
FNDA:0,(anonymous_1)
FNDA:0,(anonymous_2)
FNDA:0,(anonymous_3)
FNDA:0,(anonymous_4)
FNDA:0,(anonymous_5)
FNDA:0,(anonymous_6)
DA:5,0
DA:7,0
DA:9,0
DA:44,0
DA:45,0
DA:48,0
DA:49,0
DA:52,0
DA:53,0
DA:55,0
DA:110,0
DA:136,0
DA:137,0
LF:13
LH:0
BRF:0
BRH:0
end_of_record
TN:
SF:app/components/dashboard/cases_number/CaseNumberCard.tsx
FN:13,(anonymous_0)
FN:25,(anonymous_1)
FN:26,(anonymous_2)
FNF:3
FNH:0
FNDA:0,(anonymous_0)
FNDA:0,(anonymous_1)
FNDA:0,(anonymous_2)
DA:13,0
DA:14,0
DA:16,0
DA:20,0
DA:25,0
DA:26,0
LF:6
LH:0
BRDA:16,0,0,0
BRDA:16,0,1,0
BRDA:16,0,2,0
BRDA:16,0,3,0
BRF:4
BRH:0
end_of_record
TN:
SF:app/components/dashboard/cases_number/StatsItem.tsx
FN:9,(anonymous_0)
FNF:1
FNH:0
FNDA:0,(anonymous_0)
DA:9,0
DA:10,0
DA:11,0
DA:12,0
DA:15,0
DA:17,0
DA:18,0
DA:19,0
DA:20,0
DA:21,0
DA:23,0
DA:24,0
DA:25,0
DA:26,0
DA:27,0
DA:29,0
DA:30,0
DA:31,0
DA:32,0
DA:33,0
DA:35,0
DA:36,0
DA:37,0
DA:38,0
DA:39,0
DA:42,0
LF:26
LH:0
BRDA:15,0,0,0
BRDA:15,0,1,0
BRDA:15,0,2,0
BRDA:15,0,3,0
BRDA:48,1,0,0
BRDA:48,1,1,0
BRF:6
BRH:0
end_of_record
TN:
SF:app/components/dashboard/gender_distribution/ChartHeader.tsx
FN:10,(anonymous_0)
FNF:1
FNH:0
FNDA:0,(anonymous_0)
DA:10,0
DA:11,0
LF:2
LH:0
BRF:0
BRH:0
end_of_record
TN:
SF:app/components/dashboard/gender_distribution/ChartHook.ts
FN:7,(anonymous_0)
FN:12,(anonymous_1)
FN:67,(anonymous_2)
FNF:3
FNH:0
FNDA:0,(anonymous_0)
FNDA:0,(anonymous_1)
FNDA:0,(anonymous_2)
DA:7,0
DA:12,0
DA:13,0
DA:14,0
DA:15,0
DA:17,0
DA:24,0
DA:32,0
DA:45,0
DA:46,0
DA:48,0
DA:56,0
DA:58,0
DA:61,0
DA:65,0
DA:67,0
DA:68,0
LF:17
LH:0
BRDA:13,0,0,0
BRDA:13,0,1,0
BRF:2
BRH:0
end_of_record
TN:
SF:app/components/dashboard/gender_distribution/GenderDonutChart.tsx
FN:14,(anonymous_0)
FN:29,(anonymous_1)
FN:30,(anonymous_2)
FNF:3
FNH:0
FNDA:0,(anonymous_0)
FNDA:0,(anonymous_1)
FNDA:0,(anonymous_2)
DA:14,0
DA:15,0
DA:16,0
DA:18,0
DA:22,0
DA:24,0
DA:29,0
DA:30,0
LF:8
LH:0
BRDA:18,0,0,0
BRDA:18,0,1,0
BRDA:18,1,0,0
BRDA:18,1,1,0
BRDA:19,2,0,0
BRDA:19,2,1,0
BRDA:19,3,0,0
BRDA:19,3,1,0
BRDA:22,4,0,0
BRDA:22,4,1,0
BRDA:22,5,0,0
BRDA:22,5,1,0
BRDA:37,6,0,0
BRDA:37,6,1,0
BRF:14
BRH:0
end_of_record
TN:
SF:app/components/filter/MultiSelectForm.tsx
FN:34,(anonymous_0)
FN:35,(anonymous_1)
FN:44,(anonymous_2)
FN:55,(anonymous_3)
FN:56,(anonymous_4)
FN:59,(anonymous_5)
FN:64,(anonymous_6)
FN:69,(anonymous_7)
FN:72,MultiSelectForm
FN:97,(anonymous_9)
FN:107,(anonymous_10)
FN:112,(anonymous_11)
FN:113,(anonymous_12)
FN:114,(anonymous_13)
FN:133,(anonymous_14)
FN:136,fetchFilters
FN:181,(anonymous_16)
FN:193,(anonymous_17)
FN:194,(anonymous_18)
FN:206,(anonymous_19)
FN:207,(anonymous_20)
FN:220,(anonymous_21)
FN:248,(anonymous_22)
FN:254,(anonymous_23)
FN:255,(anonymous_24)
FN:266,(anonymous_25)
FN:267,(anonymous_26)
FN:282,(anonymous_27)
FN:283,(anonymous_28)
FN:294,(anonymous_29)
FN:357,(anonymous_30)
FN:361,(anonymous_31)
FN:371,(anonymous_32)
FN:376,(anonymous_33)
FN:380,(anonymous_34)
FN:415,(anonymous_35)
FN:422,(anonymous_36)
FN:436,(anonymous_37)
FN:447,(anonymous_38)
FNF:39
FNH:0
FNDA:0,(anonymous_0)
FNDA:0,(anonymous_1)
FNDA:0,(anonymous_2)
FNDA:0,(anonymous_3)
FNDA:0,(anonymous_4)
FNDA:0,(anonymous_5)
FNDA:0,(anonymous_6)
FNDA:0,(anonymous_7)
FNDA:0,MultiSelectForm
FNDA:0,(anonymous_9)
FNDA:0,(anonymous_10)
FNDA:0,(anonymous_11)
FNDA:0,(anonymous_12)
FNDA:0,(anonymous_13)
FNDA:0,(anonymous_14)
FNDA:0,fetchFilters
FNDA:0,(anonymous_16)
FNDA:0,(anonymous_17)
FNDA:0,(anonymous_18)
FNDA:0,(anonymous_19)
FNDA:0,(anonymous_20)
FNDA:0,(anonymous_21)
FNDA:0,(anonymous_22)
FNDA:0,(anonymous_23)
FNDA:0,(anonymous_24)
FNDA:0,(anonymous_25)
FNDA:0,(anonymous_26)
FNDA:0,(anonymous_27)
FNDA:0,(anonymous_28)
FNDA:0,(anonymous_29)
FNDA:0,(anonymous_30)
FNDA:0,(anonymous_31)
FNDA:0,(anonymous_32)
FNDA:0,(anonymous_33)
FNDA:0,(anonymous_34)
FNDA:0,(anonymous_35)
FNDA:0,(anonymous_36)
FNDA:0,(anonymous_37)
FNDA:0,(anonymous_38)
DA:31,0
DA:32,0
DA:34,0
DA:35,0
DA:40,0
DA:44,0
DA:45,0
DA:55,0
DA:56,0
DA:57,0
DA:59,0
DA:60,0
DA:64,0
DA:69,0
DA:78,0
DA:79,0
DA:80,0
DA:81,0
DA:82,0
DA:83,0
DA:84,0
DA:85,0
DA:86,0
DA:87,0
DA:88,0
DA:97,0
DA:98,0
DA:99,0
DA:100,0
DA:101,0
DA:102,0
DA:103,0
DA:104,0
DA:107,0
DA:108,0
DA:109,0
DA:111,0
DA:112,0
DA:113,0
DA:114,0
DA:121,0
DA:122,0
DA:123,0
DA:126,0
DA:127,0
DA:129,0
DA:133,0
DA:134,0
DA:137,0
DA:138,0
DA:139,0
DA:147,0
DA:148,0
DA:151,0
DA:152,0
DA:154,0
DA:163,0
DA:165,0
DA:166,0
DA:167,0
DA:168,0
DA:169,0
DA:171,0
DA:172,0
DA:173,0
DA:177,0
DA:179,0
DA:181,0
DA:183,0
DA:189,0
DA:191,0
DA:192,0
DA:194,0
DA:201,0
DA:205,0
DA:207,0
DA:214,0
DA:215,0
DA:216,0
DA:218,0
DA:219,0
DA:220,0
DA:222,0
DA:228,0
DA:229,0
DA:232,0
DA:235,0
DA:236,0
DA:237,0
DA:240,0
DA:241,0
DA:246,0
DA:248,0
DA:249,0
DA:254,0
DA:255,0
DA:256,0
DA:257,0
DA:259,0
DA:262,0
DA:266,0
DA:267,0
DA:268,0
DA:272,0
DA:273,0
DA:275,0
DA:278,0
DA:282,0
DA:283,0
DA:284,0
DA:285,0
DA:287,0
DA:290,0
DA:294,0
DA:295,0
DA:296,0
DA:297,0
DA:300,0
DA:301,0
DA:302,0
DA:305,0
DA:309,0
DA:321,0
DA:322,0
DA:332,0
DA:357,0
DA:361,0
DA:371,0
DA:376,0
DA:380,0
DA:416,0
DA:422,0
DA:436,0
DA:447,0
LF:134
LH:0
BRDA:37,0,0,0
BRDA:37,0,1,0
BRDA:57,1,0,0
BRDA:57,1,1,0
BRDA:60,2,0,0
BRDA:60,2,1,0
BRDA:73,3,0,0
BRDA:118,4,0,0
BRDA:118,4,1,0
BRDA:118,5,0,0
BRDA:118,5,1,0
BRDA:122,6,0,0
BRDA:122,6,1,0
BRDA:147,7,0,0
BRDA:147,7,1,0
BRDA:152,8,0,0
BRDA:152,8,1,0
BRDA:168,9,0,0
BRDA:168,9,1,0
BRDA:172,10,0,0
BRDA:172,10,1,0
BRDA:177,11,0,0
BRDA:177,11,1,0
BRDA:179,12,0,0
BRDA:179,12,1,0
BRDA:180,13,0,0
BRDA:180,13,1,0
BRDA:191,14,0,0
BRDA:191,14,1,0
BRDA:194,15,0,0
BRDA:194,15,1,0
BRDA:207,16,0,0
BRDA:207,16,1,0
BRDA:214,17,0,0
BRDA:214,17,1,0
BRDA:215,18,0,0
BRDA:215,18,1,0
BRDA:216,19,0,0
BRDA:216,19,1,0
BRDA:218,20,0,0
BRDA:218,20,1,0
BRDA:223,21,0,0
BRDA:223,21,1,0
BRDA:228,22,0,0
BRDA:228,22,1,0
BRDA:236,23,0,0
BRDA:236,23,1,0
BRDA:240,24,0,0
BRDA:240,24,1,0
BRDA:255,25,0,0
BRDA:255,25,1,0
BRDA:256,26,0,0
BRDA:256,26,1,0
BRDA:267,27,0,0
BRDA:267,27,1,0
BRDA:272,28,0,0
BRDA:272,28,1,0
BRDA:283,29,0,0
BRDA:283,29,1,0
BRDA:284,30,0,0
BRDA:284,30,1,0
BRDA:295,31,0,0
BRDA:295,31,1,0
BRDA:300,32,0,0
BRDA:300,32,1,0
BRDA:321,33,0,0
BRDA:321,33,1,0
BRDA:420,34,0,0
BRDA:420,34,1,0
BRDA:424,35,0,0
BRDA:424,35,1,0
BRDA:440,36,0,0
BRDA:440,36,1,0
BRDA:451,37,0,0
BRDA:451,37,1,0
BRDA:472,38,0,0
BRDA:472,38,1,0
BRF:77
BRH:0
end_of_record
TN:
SF:app/components/filter/TimeRangeFilter.tsx
FN:16,(anonymous_0)
FN:22,(anonymous_1)
FN:35,(anonymous_2)
FN:37,(anonymous_3)
FN:43,(anonymous_4)
FN:46,(anonymous_5)
FN:51,(anonymous_6)
FN:62,(anonymous_7)
FN:72,(anonymous_8)
FN:73,(anonymous_9)
FN:74,(anonymous_10)
FN:75,(anonymous_11)
FN:77,(anonymous_12)
FN:84,(anonymous_13)
FN:90,(anonymous_14)
FN:97,(anonymous_15)
FN:106,(anonymous_16)
FN:110,(anonymous_17)
FN:113,(anonymous_18)
FN:118,(anonymous_19)
FN:127,(anonymous_20)
FN:128,(anonymous_21)
FN:131,(anonymous_22)
FN:134,(anonymous_23)
FN:139,(anonymous_24)
FN:141,(anonymous_25)
FN:149,(anonymous_26)
FN:151,(anonymous_27)
FN:158,(anonymous_28)
FN:175,(anonymous_29)
FN:190,(anonymous_30)
FN:213,(anonymous_31)
FN:225,(anonymous_32)
FN:233,(anonymous_33)
FN:242,(anonymous_34)
FN:251,(anonymous_35)
FN:260,(anonymous_36)
FN:269,(anonymous_37)
FN:289,(anonymous_38)
FN:296,(anonymous_39)
FN:358,(anonymous_40)
FN:366,(anonymous_41)
FN:408,(anonymous_42)
FN:417,(anonymous_43)
FNF:44
FNH:0
FNDA:0,(anonymous_0)
FNDA:0,(anonymous_1)
FNDA:0,(anonymous_2)
FNDA:0,(anonymous_3)
FNDA:0,(anonymous_4)
FNDA:0,(anonymous_5)
FNDA:0,(anonymous_6)
FNDA:0,(anonymous_7)
FNDA:0,(anonymous_8)
FNDA:0,(anonymous_9)
FNDA:0,(anonymous_10)
FNDA:0,(anonymous_11)
FNDA:0,(anonymous_12)
FNDA:0,(anonymous_13)
FNDA:0,(anonymous_14)
FNDA:0,(anonymous_15)
FNDA:0,(anonymous_16)
FNDA:0,(anonymous_17)
FNDA:0,(anonymous_18)
FNDA:0,(anonymous_19)
FNDA:0,(anonymous_20)
FNDA:0,(anonymous_21)
FNDA:0,(anonymous_22)
FNDA:0,(anonymous_23)
FNDA:0,(anonymous_24)
FNDA:0,(anonymous_25)
FNDA:0,(anonymous_26)
FNDA:0,(anonymous_27)
FNDA:0,(anonymous_28)
FNDA:0,(anonymous_29)
FNDA:0,(anonymous_30)
FNDA:0,(anonymous_31)
FNDA:0,(anonymous_32)
FNDA:0,(anonymous_33)
FNDA:0,(anonymous_34)
FNDA:0,(anonymous_35)
FNDA:0,(anonymous_36)
FNDA:0,(anonymous_37)
FNDA:0,(anonymous_38)
FNDA:0,(anonymous_39)
FNDA:0,(anonymous_40)
FNDA:0,(anonymous_41)
FNDA:0,(anonymous_42)
FNDA:0,(anonymous_43)
DA:16,0
DA:17,0
DA:18,0
DA:19,0
DA:22,0
DA:23,0
DA:24,0
DA:25,0
DA:28,0
DA:31,0
DA:32,0
DA:33,0
DA:35,0
DA:37,0
DA:38,0
DA:39,0
DA:40,0
DA:43,0
DA:44,0
DA:46,0
DA:47,0
DA:48,0
DA:51,0
DA:52,0
DA:53,0
DA:56,0
DA:59,0
DA:62,0
DA:63,0
DA:64,0
DA:65,0
DA:66,0
DA:67,0
DA:68,0
DA:69,0
DA:72,0
DA:73,0
DA:74,0
DA:75,0
DA:77,0
DA:78,0
DA:79,0
DA:80,0
DA:81,0
DA:84,0
DA:85,0
DA:86,0
DA:87,0
DA:90,0
DA:91,0
DA:92,0
DA:93,0
DA:94,0
DA:97,0
DA:98,0
DA:99,0
DA:100,0
DA:101,0
DA:102,0
DA:105,0
DA:106,0
DA:110,0
DA:112,0
DA:113,0
DA:117,0
DA:119,0
DA:120,0
DA:122,0
DA:127,0
DA:128,0
DA:129,0
DA:130,0
DA:131,0
DA:132,0
DA:134,0
DA:135,0
DA:137,0
DA:138,0
DA:139,0
DA:140,0
DA:141,0
DA:143,0
DA:144,0
DA:147,0
DA:148,0
DA:149,0
DA:150,0
DA:151,0
DA:153,0
DA:154,0
DA:158,0
DA:159,0
DA:160,0
DA:164,0
DA:165,0
DA:167,0
DA:168,0
DA:170,0
DA:171,0
DA:173,0
DA:175,0
DA:176,0
DA:177,0
DA:179,0
DA:183,0
DA:188,0
DA:190,0
DA:191,0
DA:192,0
DA:193,0
DA:196,0
DA:197,0
DA:200,0
DA:201,0
DA:202,0
DA:203,0
DA:204,0
DA:207,0
DA:209,0
DA:210,0
DA:213,0
DA:214,0
DA:215,0
DA:220,0
DA:223,0
DA:225,0
DA:226,0
DA:227,0
DA:228,0
DA:233,0
DA:234,0
DA:235,0
DA:236,0
DA:237,0
DA:238,0
DA:242,0
DA:243,0
DA:244,0
DA:245,0
DA:246,0
DA:248,0
DA:251,0
DA:252,0
DA:253,0
DA:254,0
DA:255,0
DA:256,0
DA:260,0
DA:261,0
DA:262,0
DA:263,0
DA:264,0
DA:266,0
DA:269,0
DA:270,0
DA:271,0
DA:272,0
DA:273,0
DA:274,0
DA:275,0
DA:276,0
DA:279,0
DA:280,0
DA:281,0
DA:282,0
DA:284,0
DA:285,0
DA:286,0
DA:287,0
DA:289,0
DA:290,0
DA:291,0
DA:292,0
DA:293,0
DA:296,0
DA:298,0
DA:299,0
DA:300,0
DA:301,0
DA:302,0
DA:303,0
DA:305,0
DA:358,0
DA:366,0
DA:408,0
DA:417,0
LF:186
LH:0
BRDA:23,0,0,0
BRDA:23,0,1,0
BRDA:44,1,0,0
BRDA:44,1,1,0
BRDA:47,2,0,0
BRDA:47,2,1,0
BRDA:52,3,0,0
BRDA:52,3,1,0
BRDA:63,4,0,0
BRDA:63,4,1,0
BRDA:65,5,0,0
BRDA:65,5,1,0
BRDA:74,6,0,0
BRDA:74,6,1,0
BRDA:75,7,0,0
BRDA:75,7,1,0
BRDA:92,8,0,0
BRDA:92,8,1,0
BRDA:92,9,0,0
BRDA:92,9,1,0
BRDA:93,10,0,0
BRDA:93,10,1,0
BRDA:93,11,0,0
BRDA:93,11,1,0
BRDA:99,12,0,0
BRDA:99,12,1,0
BRDA:99,13,0,0
BRDA:99,13,1,0
BRDA:100,14,0,0
BRDA:100,14,1,0
BRDA:100,15,0,0
BRDA:100,15,1,0
BRDA:101,16,0,0
BRDA:101,16,1,0
BRDA:119,17,0,0
BRDA:119,17,1,0
BRDA:127,18,0,0
BRDA:127,18,1,0
BRDA:128,19,0,0
BRDA:128,19,1,0
BRDA:129,20,0,0
BRDA:129,20,1,0
BRDA:130,21,0,0
BRDA:130,21,1,0
BRDA:131,22,0,0
BRDA:131,22,1,0
BRDA:135,23,0,0
BRDA:135,23,1,0
BRDA:137,24,0,0
BRDA:137,24,1,0
BRDA:139,25,0,0
BRDA:139,25,1,0
BRDA:141,26,0,0
BRDA:141,26,1,0
BRDA:147,27,0,0
BRDA:147,27,1,0
BRDA:149,28,0,0
BRDA:149,28,1,0
BRDA:151,29,0,0
BRDA:151,29,1,0
BRDA:159,30,0,0
BRDA:159,30,1,0
BRDA:159,31,0,0
BRDA:159,31,1,0
BRDA:159,31,2,0
BRDA:164,32,0,0
BRDA:164,32,1,0
BRDA:165,33,0,0
BRDA:165,33,1,0
BRDA:167,34,0,0
BRDA:167,34,1,0
BRDA:168,35,0,0
BRDA:168,35,1,0
BRDA:170,36,0,0
BRDA:170,36,1,0
BRDA:171,37,0,0
BRDA:171,37,1,0
BRDA:173,38,0,0
BRDA:173,38,1,0
BRDA:173,38,2,0
BRDA:173,38,3,0
BRDA:176,39,0,0
BRDA:176,39,1,0
BRDA:176,40,0,0
BRDA:176,40,1,0
BRDA:191,41,0,0
BRDA:191,41,1,0
BRDA:196,42,0,0
BRDA:196,42,1,0
BRDA:196,43,0,0
BRDA:196,43,1,0
BRDA:200,44,0,0
BRDA:200,44,1,0
BRDA:200,45,0,0
BRDA:200,45,1,0
BRDA:201,46,0,0
BRDA:201,46,1,0
BRDA:201,47,0,0
BRDA:201,47,1,0
BRDA:202,48,0,0
BRDA:202,48,1,0
BRDA:203,49,0,0
BRDA:203,49,1,0
BRDA:207,50,0,0
BRDA:207,50,1,0
BRDA:207,50,2,0
BRDA:209,51,0,0
BRDA:209,51,1,0
BRDA:227,52,0,0
BRDA:227,52,1,0
BRDA:237,53,0,0
BRDA:237,53,1,0
BRDA:245,54,0,0
BRDA:245,54,1,0
BRDA:255,55,0,0
BRDA:255,55,1,0
BRDA:255,56,0,0
BRDA:255,56,1,0
BRDA:263,57,0,0
BRDA:263,57,1,0
BRDA:263,58,0,0
BRDA:263,58,1,0
BRDA:284,59,0,0
BRDA:284,59,1,0
BRDA:285,60,0,0
BRDA:285,60,1,0
BRDA:291,61,0,0
BRDA:291,61,1,0
BRDA:315,62,0,0
BRDA:315,62,1,0
BRDA:423,63,0,0
BRDA:423,63,1,0
BRF:132
BRH:0
end_of_record
TN:
SF:app/components/floating_buttons/DashboardButton.tsx
FN:14,DashboardButton
FNF:1
FNH:0
FNDA:0,DashboardButton
DA:21,0
DA:22,0
DA:23,0
DA:26,0
DA:51,0
LF:5
LH:0
BRDA:16,0,0,0
BRDA:17,1,0,0
BRDA:18,2,0,0
BRDA:58,3,0,0
BRDA:58,3,1,0
BRDA:75,4,0,0
BRDA:75,4,1,0
BRF:7
BRH:0
end_of_record
TN:
SF:app/components/floating_buttons/FilterButton.tsx
FN:7,(anonymous_0)
FN:19,FilterButton
FN:61,(anonymous_2)
FNF:3
FNH:0
FNDA:0,(anonymous_0)
FNDA:0,FilterButton
FNDA:0,(anonymous_2)
DA:7,0
DA:8,0
DA:28,0
DA:31,0
DA:34,0
DA:41,0
DA:48,0
DA:54,0
DA:61,0
DA:62,0
DA:63,0
DA:65,0
DA:68,0
LF:13
LH:0
BRDA:21,0,0,0
BRDA:22,1,0,0
BRDA:23,2,0,0
BRDA:31,3,0,0
BRDA:31,3,1,0
BRDA:49,4,0,0
BRDA:49,4,1,0
BRDA:50,5,0,0
BRDA:50,5,1,0
BRDA:55,6,0,0
BRDA:55,6,1,0
BRDA:56,7,0,0
BRDA:56,7,1,0
BRDA:62,8,0,0
BRDA:62,8,1,0
BRDA:65,9,0,0
BRDA:65,9,1,0
BRDA:78,10,0,0
BRDA:78,10,1,0
BRDA:82,11,0,0
BRDA:82,11,1,0
BRF:21
BRH:0
end_of_record
TN:
SF:app/components/floating_buttons/HumidityButton.tsx
FN:25,HumidityButton
FN:32,(anonymous_1)
FN:38,(anonymous_2)
FN:56,(anonymous_3)
FN:57,(anonymous_4)
FNF:5
FNH:0
FNDA:0,HumidityButton
FNDA:0,(anonymous_1)
FNDA:0,(anonymous_2)
FNDA:0,(anonymous_3)
FNDA:0,(anonymous_4)
DA:13,0
DA:19,0
DA:28,0
DA:29,0
DA:30,0
DA:32,0
DA:33,0
DA:34,0
DA:35,0
DA:38,0
DA:48,0
DA:56,0
DA:57,0
LF:13
LH:0
BRDA:26,0,0,0
BRDA:26,1,0,0
BRDA:34,2,0,0
BRDA:34,2,1,0
BRDA:52,3,0,0
BRDA:52,3,1,0
BRDA:71,4,0,0
BRDA:71,4,1,0
BRDA:75,5,0,0
BRDA:75,5,1,0
BRDA:79,6,0,0
BRDA:79,6,1,0
BRDA:83,7,0,0
BRDA:83,7,1,0
BRDA:87,8,0,0
BRDA:87,8,1,0
BRDA:91,9,0,0
BRDA:91,9,1,0
BRDA:95,10,0,0
BRDA:95,10,1,0
BRF:20
BRH:0
end_of_record
TN:
SF:app/components/floating_buttons/LocationButton.tsx
FN:12,LocationButton
FN:52,(anonymous_1)
FN:53,(anonymous_2)
FNF:3
FNH:0
FNDA:0,LocationButton
FNDA:0,(anonymous_1)
FNDA:0,(anonymous_2)
DA:21,0
DA:26,0
DA:29,0
DA:35,0
DA:37,0
DA:38,0
DA:40,0
DA:41,0
DA:43,0
DA:44,0
DA:47,0
DA:52,0
DA:53,0
LF:13
LH:0
BRDA:14,0,0,0
BRDA:15,1,0,0
BRDA:16,2,0,0
BRDA:35,3,0,0
BRDA:35,3,1,0
BRDA:35,3,2,0
BRDA:56,4,0,0
BRDA:56,4,1,0
BRDA:62,5,0,0
BRDA:62,5,1,0
BRF:10
BRH:0
end_of_record
TN:
SF:app/components/floating_buttons/MapButton.tsx
FN:16,(anonymous_0)
FN:26,(anonymous_1)
FN:46,(anonymous_2)
FNF:3
FNH:0
FNDA:0,(anonymous_0)
FNDA:0,(anonymous_1)
FNDA:0,(anonymous_2)
DA:16,0
DA:20,0
DA:21,0
DA:22,0
DA:23,0
DA:24,0
DA:26,0
DA:27,0
DA:31,0
DA:46,0
DA:47,0
DA:48,0
DA:51,0
LF:13
LH:0
BRDA:17,0,0,0
BRDA:18,1,0,0
BRDA:56,2,0,0
BRDA:56,2,1,0
BRDA:56,3,0,0
BRDA:56,3,1,0
BRDA:59,4,0,0
BRDA:59,4,1,0
BRDA:73,5,0,0
BRDA:73,5,1,0
BRDA:73,6,0,0
BRDA:73,6,1,0
BRDA:84,7,0,0
BRDA:84,7,1,0
BRDA:84,7,2,0
BRF:15
BRH:0
end_of_record
TN:
SF:app/components/floating_buttons/RainButton.tsx
FN:24,RainButton
FN:33,(anonymous_1)
FN:39,(anonymous_2)
FN:56,(anonymous_3)
FN:57,(anonymous_4)
FNF:5
FNH:0
FNDA:0,RainButton
FNDA:0,(anonymous_1)
FNDA:0,(anonymous_2)
FNDA:0,(anonymous_3)
FNDA:0,(anonymous_4)
DA:6,0
DA:12,0
DA:29,0
DA:30,0
DA:31,0
DA:33,0
DA:34,0
DA:35,0
DA:36,0
DA:39,0
DA:49,0
DA:56,0
DA:57,0
LF:13
LH:0
BRDA:26,0,0,0
BRDA:27,1,0,0
BRDA:35,2,0,0
BRDA:35,2,1,0
BRDA:36,3,0,0
BRDA:36,3,1,0
BRDA:53,4,0,0
BRDA:53,4,1,0
BRDA:70,5,0,0
BRDA:70,5,1,0
BRDA:74,6,0,0
BRDA:74,6,1,0
BRF:12
BRH:0
end_of_record
TN:
SF:app/components/floating_buttons/SeverityButton.tsx
FN:14,GearToggleButton
FN:36,(anonymous_1)
FN:43,(anonymous_2)
FN:58,(anonymous_3)
FN:59,(anonymous_4)
FNF:5
FNH:0
FNDA:0,GearToggleButton
FNDA:0,(anonymous_1)
FNDA:0,(anonymous_2)
FNDA:0,(anonymous_3)
FNDA:0,(anonymous_4)
DA:20,0
DA:21,0
DA:22,0
DA:24,0
DA:30,0
DA:36,0
DA:37,0
DA:38,0
DA:39,0
DA:43,0
DA:53,0
DA:58,0
DA:59,0
LF:13
LH:0
BRDA:17,0,0,0
BRDA:18,1,0,0
BRDA:38,2,0,0
BRDA:38,2,1,0
BRDA:63,3,0,0
BRDA:63,3,1,0
BRDA:74,4,0,0
BRDA:74,4,1,0
BRDA:82,5,0,0
BRDA:82,5,1,0
BRF:10
BRH:0
end_of_record
TN:
SF:app/components/floating_buttons/TemperatureButton.tsx
FN:24,TemperatureButton
FN:33,(anonymous_1)
FN:39,(anonymous_2)
FN:56,(anonymous_3)
FN:57,(anonymous_4)
FNF:5
FNH:0
FNDA:0,TemperatureButton
FNDA:0,(anonymous_1)
FNDA:0,(anonymous_2)
FNDA:0,(anonymous_3)
FNDA:0,(anonymous_4)
DA:6,0
DA:12,0
DA:29,0
DA:30,0
DA:31,0
DA:33,0
DA:34,0
DA:35,0
DA:36,0
DA:39,0
DA:49,0
DA:56,0
DA:57,0
LF:13
LH:0
BRDA:26,0,0,0
BRDA:27,1,0,0
BRDA:35,2,0,0
BRDA:35,2,1,0
BRDA:36,3,0,0
BRDA:36,3,1,0
BRDA:53,4,0,0
BRDA:53,4,1,0
BRDA:70,5,0,0
BRDA:70,5,1,0
BRDA:74,6,0,0
BRDA:74,6,1,0
BRF:12
BRH:0
end_of_record
TN:
SF:app/components/floating_buttons/WarningButton.tsx
FN:11,WarningButton
FN:58,(anonymous_1)
FN:59,(anonymous_2)
FNF:3
FNH:0
FNDA:0,WarningButton
FNDA:0,(anonymous_1)
FNDA:0,(anonymous_2)
DA:18,0
DA:21,0
DA:28,0
DA:35,0
DA:37,0
DA:38,0
DA:40,0
DA:41,0
DA:43,0
DA:44,0
DA:47,0
DA:58,0
DA:59,0
LF:13
LH:0
BRDA:12,0,0,0
BRDA:13,1,0,0
BRDA:15,2,0,0
BRDA:35,3,0,0
BRDA:35,3,1,0
BRDA:35,3,2,0
BRDA:50,4,0,0
BRDA:50,4,1,0
BRDA:60,5,0,0
BRDA:60,5,1,0
BRDA:69,6,0,0
BRDA:69,6,1,0
BRF:12
BRH:0
end_of_record
TN:
SF:app/components/floating_buttons/index.ts
FNF:0
FNH:0
LF:0
LH:0
BRF:0
BRH:0
end_of_record
TN:
SF:app/components/forgot_password/ResetPasswordForm.tsx
FN:12,PasswordForm
FN:25,(anonymous_1)
FN:31,(anonymous_2)
FN:37,(anonymous_3)
FN:47,(anonymous_4)
FNF:5
FNH:0
FNDA:0,PasswordForm
FNDA:0,(anonymous_1)
FNDA:0,(anonymous_2)
FNDA:0,(anonymous_3)
FNDA:0,(anonymous_4)
DA:16,0
DA:17,0
DA:18,0
DA:19,0
DA:20,0
DA:21,0
DA:22,0
DA:23,0
DA:25,0
DA:26,0
DA:27,0
DA:31,0
DA:32,0
DA:33,0
DA:34,0
DA:37,0
DA:38,0
DA:39,0
DA:40,0
DA:41,0
DA:43,0
DA:47,0
DA:48,0
DA:50,0
DA:51,0
DA:54,0
DA:55,0
DA:57,0
DA:58,0
DA:59,0
DA:60,0
DA:61,0
DA:63,0
DA:65,0
DA:67,0
DA:71,0
DA:75,0
LF:37
LH:0
BRDA:26,0,0,0
BRDA:26,0,1,0
BRDA:40,1,0,0
BRDA:40,1,1,0
BRDA:50,2,0,0
BRDA:50,2,1,0
BRDA:50,3,0,0
BRDA:50,3,1,0
BRDA:50,3,2,0
BRDA:50,3,3,0
BRDA:65,4,0,0
BRDA:65,4,1,0
BRDA:77,5,0,0
BRDA:77,5,1,0
BRDA:95,6,0,0
BRDA:95,6,1,0
BRDA:112,7,0,0
BRDA:112,7,1,0
BRDA:120,8,0,0
BRDA:120,8,1,0
BRDA:120,8,2,0
BRDA:120,8,3,0
BRDA:120,8,4,0
BRDA:122,9,0,0
BRDA:122,9,1,0
BRF:25
BRH:0
end_of_record
TN:
SF:app/components/help/GlossaryItem.tsx
FN:8,GlossaryItem
FN:20,(anonymous_1)
FNF:2
FNH:0
FNDA:0,GlossaryItem
FNDA:0,(anonymous_1)
DA:9,0
DA:21,0
LF:2
LH:0
BRDA:12,0,0,0
BRDA:12,0,1,0
BRDA:16,1,0,0
BRDA:16,1,1,0
BRDA:18,2,0,0
BRDA:18,2,1,0
BRDA:18,2,2,0
BRF:7
BRH:0
end_of_record
TN:
SF:app/components/help/GlossarySection.tsx
FN:8,GlossarySection
FNF:1
FNH:0
FNDA:0,GlossarySection
DA:9,0
LF:1
LH:0
BRF:0
BRH:0
end_of_record
TN:
SF:app/components/help/HelpFinalSection.tsx
FN:4,HelpFinalSection
FNF:1
FNH:0
FNDA:0,HelpFinalSection
DA:5,0
LF:1
LH:0
BRF:0
BRH:0
end_of_record
TN:
SF:app/components/help/HelpImage.tsx
FN:9,(anonymous_0)
FNF:1
FNH:0
FNDA:0,(anonymous_0)
DA:9,0
DA:10,0
LF:2
LH:0
BRF:0
BRH:0
end_of_record
TN:
SF:app/components/help/HelpSection.tsx
FN:10,HelpSection
FNF:1
FNH:0
FNDA:0,HelpSection
DA:16,0
LF:1
LH:0
BRF:0
BRH:0
end_of_record
TN:
SF:app/components/help/HelpTitle.tsx
FN:1,HelpTitle
FNF:1
FNH:0
FNDA:0,HelpTitle
DA:2,0
LF:1
LH:0
BRF:0
BRH:0
end_of_record
TN:
SF:app/components/home/AboutSection.tsx
FN:4,AboutSection
FNF:1
FNH:0
FNDA:0,AboutSection
DA:5,0
LF:1
LH:0
BRF:0
BRH:0
end_of_record
TN:
SF:app/components/home/AdvantagesSection.tsx
FN:1,AdvantagesSection
FN:23,(anonymous_1)
FNF:2
FNH:0
FNDA:0,AdvantagesSection
FNDA:0,(anonymous_1)
DA:2,0
DA:24,0
LF:2
LH:0
BRF:0
BRH:0
end_of_record
TN:
SF:app/components/home/HelpSection.tsx
FN:4,HelpSection
FNF:1
FNH:0
FNDA:0,HelpSection
DA:5,0
LF:1
LH:0
BRF:0
BRH:0
end_of_record
TN:
SF:app/components/home/HeroSection.tsx
FN:4,HeroSection
FNF:1
FNH:0
FNDA:0,HeroSection
DA:5,0
LF:1
LH:0
BRF:0
BRH:0
end_of_record
TN:
SF:app/components/home/MapGallery.tsx
FN:3,MapGallery
FNF:1
FNH:0
FNDA:0,MapGallery
DA:4,0
LF:1
LH:0
BRF:0
BRH:0
end_of_record
TN:
SF:app/components/home/WhyPantauTularSection.tsx
FN:1,WhyPantauTularSection
FNF:1
FNH:0
FNDA:0,WhyPantauTularSection
DA:2,0
LF:1
LH:0
BRF:0
BRH:0
end_of_record
TN:
SF:app/components/icons/PeopleIcon.tsx
FN:3,(anonymous_0)
FNF:1
FNH:0
FNDA:0,(anonymous_0)
DA:3,0
DA:4,0
LF:2
LH:0
BRF:0
BRH:0
end_of_record
TN:
SF:app/components/severity/Severity.tsx
FN:77,(anonymous_0)
FN:125,(anonymous_1)
FN:156,(anonymous_2)
FN:167,(anonymous_3)
FN:168,(anonymous_4)
FN:184,(anonymous_5)
FN:248,(anonymous_6)
FN:273,(anonymous_7)
FN:286,(anonymous_8)
FN:303,(anonymous_9)
FN:303,(anonymous_10)
FN:307,(anonymous_11)
FN:330,(anonymous_12)
FN:354,(anonymous_13)
FN:358,(anonymous_14)
FN:390,(anonymous_15)
FN:412,(anonymous_16)
FN:426,(anonymous_17)
FN:437,(anonymous_18)
FN:438,(anonymous_19)
FN:445,(anonymous_20)
FN:457,(anonymous_21)
FN:463,(anonymous_22)
FN:471,(anonymous_23)
FN:477,(anonymous_24)
FN:485,(anonymous_25)
FN:491,(anonymous_26)
FNF:27
FNH:0
FNDA:0,(anonymous_0)
FNDA:0,(anonymous_1)
FNDA:0,(anonymous_2)
FNDA:0,(anonymous_3)
FNDA:0,(anonymous_4)
FNDA:0,(anonymous_5)
FNDA:0,(anonymous_6)
FNDA:0,(anonymous_7)
FNDA:0,(anonymous_8)
FNDA:0,(anonymous_9)
FNDA:0,(anonymous_10)
FNDA:0,(anonymous_11)
FNDA:0,(anonymous_12)
FNDA:0,(anonymous_13)
FNDA:0,(anonymous_14)
FNDA:0,(anonymous_15)
FNDA:0,(anonymous_16)
FNDA:0,(anonymous_17)
FNDA:0,(anonymous_18)
FNDA:0,(anonymous_19)
FNDA:0,(anonymous_20)
FNDA:0,(anonymous_21)
FNDA:0,(anonymous_22)
FNDA:0,(anonymous_23)
FNDA:0,(anonymous_24)
FNDA:0,(anonymous_25)
FNDA:0,(anonymous_26)
DA:75,0
DA:77,0
DA:78,0
DA:92,0
DA:125,0
DA:126,0
DA:135,0
DA:141,0
DA:153,0
DA:156,0
DA:162,0
DA:165,0
DA:168,0
DA:173,0
DA:184,0
DA:185,0
DA:191,0
DA:193,0
DA:215,0
DA:248,0
DA:269,0
DA:270,0
DA:273,0
DA:281,0
DA:282,0
DA:283,0
DA:284,0
DA:285,0
DA:286,0
DA:287,0
DA:288,0
DA:302,0
DA:303,0
DA:307,0
DA:308,0
DA:309,0
DA:310,0
DA:311,0
DA:312,0
DA:313,0
DA:316,0
DA:317,0
DA:321,0
DA:322,0
DA:323,0
DA:324,0
DA:326,0
DA:330,0
DA:338,0
DA:341,0
DA:345,0
DA:348,0
DA:350,0
DA:354,0
DA:355,0
DA:358,0
DA:359,0
DA:360,0
DA:367,0
DA:368,0
DA:375,0
DA:376,0
DA:383,0
DA:390,0
DA:391,0
DA:393,0
DA:394,0
DA:395,0
DA:407,0
DA:408,0
DA:410,0
DA:412,0
DA:413,0
DA:426,0
DA:427,0
DA:428,0
DA:432,0
DA:437,0
DA:438,0
DA:446,0
DA:457,0
DA:458,0
DA:463,0
DA:471,0
DA:472,0
DA:477,0
DA:485,0
DA:486,0
DA:491,0
LF:89
LH:0
BRDA:162,0,0,0
BRDA:162,0,1,0
BRDA:165,1,0,0
BRDA:165,1,1,0
BRDA:168,2,0,0
BRDA:168,2,1,0
BRDA:316,3,0,0
BRDA:316,3,1,0
BRDA:316,4,0,0
BRDA:316,4,1,0
BRDA:321,5,0,0
BRDA:321,5,1,0
BRDA:323,6,0,0
BRDA:323,6,1,0
BRDA:359,7,0,0
BRDA:359,7,1,0
BRDA:367,8,0,0
BRDA:367,8,1,0
BRDA:375,9,0,0
BRDA:375,9,1,0
BRDA:391,10,0,0
BRDA:391,10,1,0
BRF:22
BRH:0
end_of_record
TN:
SF:app/components/ui-profile/Checkicon.tsx
FN:8,CheckIcon
FNF:1
FNH:0
FNDA:0,CheckIcon
DA:12,0
LF:1
LH:0
BRDA:9,0,0,0
BRDA:10,1,0,0
BRDA:22,2,0,0
BRDA:22,2,1,0
BRF:4
BRH:0
end_of_record
TN:
SF:app/components/ui-profile/button.tsx
FN:10,(anonymous_0)
FNF:1
FNH:0
FNDA:0,(anonymous_0)
DA:5,0
DA:11,0
DA:21,0
LF:3
LH:0
BRDA:10,0,0,0
BRDA:15,1,0,0
BRDA:15,1,1,0
BRF:3
BRH:0
end_of_record
TN:
SF:app/components/ui-profile/dropdown-menu.tsx
FN:13,(anonymous_0)
FN:27,(anonymous_1)
FNF:2
FNH:0
FNDA:0,(anonymous_0)
FNDA:0,(anonymous_1)
DA:6,0
DA:8,0
DA:10,0
DA:14,0
DA:22,0
DA:24,0
DA:28,0
DA:37,0
LF:8
LH:0
BRDA:27,0,0,0
BRDA:32,1,0,0
BRDA:32,1,1,0
BRF:3
BRH:0
end_of_record
TN:
SF:app/components/ui-profile/input.tsx
FN:8,(anonymous_0)
FNF:1
FNH:0
FNDA:0,(anonymous_0)
DA:5,0
DA:9,0
DA:17,0
LF:3
LH:0
BRF:0
BRH:0
end_of_record
TN:
SF:app/curator-add-data/page.tsx
FN:22,validateFormState
FNF:1
FNH:0
FNDA:0,validateFormState
DA:15,0
DA:19,0
DA:29,0
DA:30,0
DA:32,0
DA:33,0
DA:36,0
DA:37,0
DA:38,0
DA:39,0
DA:40,0
DA:41,0
DA:42,0
DA:45,0
DA:47,0
DA:48,0
DA:51,0
DA:53,0
DA:56,0
LF:19
LH:0
BRDA:29,0,0,0
BRDA:29,1,0,0
BRDA:29,2,0,0
BRDA:29,3,0,0
BRDA:29,4,0,0
BRDA:32,5,0,0
BRDA:32,5,1,0
BRDA:33,6,0,0
BRDA:33,6,1,0
BRDA:36,7,0,0
BRDA:36,7,1,0
BRDA:37,8,0,0
BRDA:37,8,1,0
BRDA:38,9,0,0
BRDA:38,9,1,0
BRDA:39,10,0,0
BRDA:39,10,1,0
BRDA:39,11,0,0
BRDA:39,11,1,0
BRDA:39,11,2,0
BRDA:40,12,0,0
BRDA:40,12,1,0
BRDA:40,13,0,0
BRDA:40,13,1,0
BRDA:41,14,0,0
BRDA:41,14,1,0
BRDA:41,15,0,0
BRDA:41,15,1,0
BRDA:41,16,0,0
BRDA:41,16,1,0
BRDA:42,17,0,0
BRDA:42,17,1,0
BRDA:42,18,0,0
BRDA:42,18,1,0
BRDA:42,19,0,0
BRDA:42,19,1,0
BRDA:45,20,0,0
BRDA:45,20,1,0
BRDA:48,21,0,0
BRDA:48,21,1,0
BRDA:51,22,0,0
BRDA:51,22,1,0
BRDA:53,23,0,0
BRDA:53,23,1,0
BRF:44
BRH:0
end_of_record
TN:
SF:app/curator-dashboard/page.tsx
FN:16,(anonymous_0)
FN:18,CuratorDashboardPage
FN:26,(anonymous_2)
FN:43,(anonymous_3)
FN:62,(anonymous_4)
FN:71,(anonymous_5)
FN:88,(anonymous_6)
FNF:7
FNH:0
FNDA:0,(anonymous_0)
FNDA:0,CuratorDashboardPage
FNDA:0,(anonymous_2)
FNDA:0,(anonymous_3)
FNDA:0,(anonymous_4)
FNDA:0,(anonymous_5)
FNDA:0,(anonymous_6)
DA:14,0
DA:16,0
DA:19,0
DA:20,0
DA:21,0
DA:22,0
DA:23,0
DA:24,0
DA:26,0
DA:28,0
DA:29,0
DA:30,0
DA:31,0
DA:32,0
DA:33,0
DA:36,0
DA:39,0
DA:40,0
DA:43,0
DA:44,0
DA:45,0
DA:48,0
DA:49,0
DA:50,0
DA:53,0
DA:54,0
DA:55,0
DA:56,0
DA:59,0
DA:62,0
DA:63,0
DA:64,0
DA:67,0
DA:68,0
DA:71,0
DA:72,0
DA:76,0
DA:85,0
DA:88,0
DA:89,0
DA:92,0
DA:93,0
DA:103,0
DA:104,0
DA:114,0
LF:45
LH:0
BRDA:16,0,0,0
BRDA:16,0,1,0
BRDA:29,1,0,0
BRDA:29,1,1,0
BRDA:29,2,0,0
BRDA:29,2,1,0
BRDA:32,3,0,0
BRDA:32,3,1,0
BRDA:39,4,0,0
BRDA:39,4,1,0
BRDA:44,5,0,0
BRDA:44,5,1,0
BRDA:48,6,0,0
BRDA:48,6,1,0
BRDA:54,7,0,0
BRDA:54,7,1,0
BRDA:63,8,0,0
BRDA:63,8,1,0
BRDA:73,9,0,0
BRDA:73,9,1,0
BRDA:74,10,0,0
BRDA:74,10,1,0
BRDA:83,11,0,0
BRDA:83,11,1,0
BRDA:92,12,0,0
BRDA:92,12,1,0
BRDA:92,13,0,0
BRDA:92,13,1,0
BRDA:103,14,0,0
BRDA:103,14,1,0
BRF:30
BRH:0
end_of_record
TN:
SF:app/curator-data-management/page.tsx
FN:22,(anonymous_0)
FN:24,useDebouncedValue
FN:26,(anonymous_2)
FN:27,(anonymous_3)
FN:28,(anonymous_4)
FN:35,CuratorDataManagementPage
FN:41,(anonymous_6)
FN:60,(anonymous_7)
FN:77,(anonymous_8)
FN:79,(anonymous_9)
FN:85,(anonymous_10)
FN:90,(anonymous_11)
FN:185,(anonymous_12)
FN:213,(anonymous_13)
FN:214,(anonymous_14)
FN:229,(anonymous_15)
FN:251,(anonymous_16)
FN:272,(anonymous_17)
FN:286,(anonymous_18)
FN:313,(anonymous_19)
FN:313,(anonymous_20)
FN:323,(anonymous_21)
FN:323,(anonymous_22)
FNF:23
FNH:0
FNDA:0,(anonymous_0)
FNDA:0,useDebouncedValue
FNDA:0,(anonymous_2)
FNDA:0,(anonymous_3)
FNDA:0,(anonymous_4)
FNDA:0,CuratorDataManagementPage
FNDA:0,(anonymous_6)
FNDA:0,(anonymous_7)
FNDA:0,(anonymous_8)
FNDA:0,(anonymous_9)
FNDA:0,(anonymous_10)
FNDA:0,(anonymous_11)
FNDA:0,(anonymous_12)
FNDA:0,(anonymous_13)
FNDA:0,(anonymous_14)
FNDA:0,(anonymous_15)
FNDA:0,(anonymous_16)
FNDA:0,(anonymous_17)
FNDA:0,(anonymous_18)
FNDA:0,(anonymous_19)
FNDA:0,(anonymous_20)
FNDA:0,(anonymous_21)
FNDA:0,(anonymous_22)
DA:22,0
DA:25,0
DA:26,0
DA:27,0
DA:28,0
DA:30,0
DA:36,0
DA:37,0
DA:40,0
DA:41,0
DA:43,0
DA:44,0
DA:45,0
DA:46,0
DA:47,0
DA:51,0
DA:52,0
DA:53,0
DA:56,0
DA:57,0
DA:60,0
DA:61,0
DA:62,0
DA:63,0
DA:67,0
DA:68,0
DA:69,0
DA:70,0
DA:71,0
DA:72,0
DA:73,0
DA:75,0
DA:77,0
DA:78,0
DA:79,0
DA:80,0
DA:81,0
DA:85,0
DA:86,0
DA:88,0
DA:90,0
DA:91,0
DA:92,0
DA:93,0
DA:94,0
DA:101,0
DA:102,0
DA:103,0
DA:105,0
DA:107,0
DA:108,0
DA:111,0
DA:114,0
DA:116,0
DA:117,0
DA:121,0
DA:122,0
DA:129,0
DA:130,0
DA:131,0
DA:133,0
DA:134,0
DA:137,0
DA:144,0
DA:145,0
DA:146,0
DA:148,0
DA:151,0
DA:153,0
DA:154,0
DA:155,0
DA:156,0
DA:159,0
DA:160,0
DA:161,0
DA:162,0
DA:163,0
DA:164,0
DA:167,0
DA:168,0
DA:171,0
DA:172,0
DA:173,0
DA:174,0
DA:176,0
DA:177,0
DA:178,0
DA:180,0
DA:184,0
DA:185,0
DA:189,0
DA:190,0
DA:200,0
DA:201,0
DA:213,0
DA:214,0
DA:217,0
DA:230,0
DA:231,0
DA:252,0
DA:273,0
DA:274,0
DA:275,0
DA:286,0
DA:313,0
DA:323,0
LF:106
LH:0
BRDA:22,0,0,0
BRDA:22,0,1,0
BRDA:24,1,0,0
BRDA:44,2,0,0
BRDA:44,2,1,0
BRDA:44,3,0,0
BRDA:44,3,1,0
BRDA:47,4,0,0
BRDA:47,4,1,0
BRDA:51,5,0,0
BRDA:51,5,1,0
BRDA:57,6,0,0
BRDA:57,6,1,0
BRDA:61,7,0,0
BRDA:61,7,1,0
BRDA:80,8,0,0
BRDA:80,8,1,0
BRDA:80,9,0,0
BRDA:80,9,1,0
BRDA:86,10,0,0
BRDA:86,10,1,0
BRDA:103,11,0,0
BRDA:103,11,1,0
BRDA:107,12,0,0
BRDA:107,12,1,0
BRDA:107,13,0,0
BRDA:107,13,1,0
BRDA:116,14,0,0
BRDA:116,14,1,0
BRDA:130,15,0,0
BRDA:130,15,1,0
BRDA:134,16,0,0
BRDA:134,16,1,0
BRDA:134,17,0,0
BRDA:134,17,1,0
BRDA:134,17,2,0
BRDA:145,18,0,0
BRDA:145,18,1,0
BRDA:151,19,0,0
BRDA:151,19,1,0
BRDA:153,20,0,0
BRDA:153,20,1,0
BRDA:154,21,0,0
BRDA:154,21,1,0
BRDA:167,22,0,0
BRDA:167,22,1,0
BRDA:168,23,0,0
BRDA:168,23,1,0
BRDA:171,24,0,0
BRDA:171,24,1,0
BRDA:172,25,0,0
BRDA:172,25,1,0
BRDA:174,26,0,0
BRDA:174,26,1,0
BRDA:174,26,2,0
BRDA:176,27,0,0
BRDA:176,27,1,0
BRDA:189,28,0,0
BRDA:189,28,1,0
BRDA:189,29,0,0
BRDA:189,29,1,0
BRDA:200,30,0,0
BRDA:200,30,1,0
BRDA:255,31,0,0
BRDA:255,31,1,0
BRDA:266,32,0,0
BRDA:266,32,1,0
BRDA:268,33,0,0
BRDA:268,33,1,0
BRDA:270,34,0,0
BRDA:270,34,1,0
BRDA:273,35,0,0
BRDA:273,35,1,0
BRDA:274,36,0,0
BRDA:274,36,1,0
BRDA:274,36,2,0
BRDA:281,37,0,0
BRDA:281,37,1,0
BRF:78
BRH:0
end_of_record
TN:
SF:app/curator-edit-delete-data/page.tsx
FN:18,(anonymous_0)
FN:23,CuratorEditDeleteDataPage
FN:31,(anonymous_2)
FN:48,(anonymous_3)
FN:67,(anonymous_4)
FN:98,(anonymous_5)
FN:103,(anonymous_6)
FN:105,(anonymous_7)
FN:150,(anonymous_8)
FN:170,(anonymous_9)
FN:171,(anonymous_10)
FN:172,(anonymous_11)
FN:177,(anonymous_12)
FN:178,(anonymous_13)
FN:179,(anonymous_14)
FN:180,(anonymous_15)
FN:180,(anonymous_16)
FN:185,(anonymous_17)
FN:185,(anonymous_18)
FN:210,(anonymous_19)
FN:217,(anonymous_20)
FN:232,(anonymous_21)
FN:237,(anonymous_22)
FN:241,(anonymous_23)
FN:265,(anonymous_24)
FN:269,(anonymous_25)
FN:271,(anonymous_26)
FN:283,(anonymous_27)
FN:285,(anonymous_28)
FN:296,(anonymous_29)
FN:298,(anonymous_30)
FN:309,(anonymous_31)
FN:311,(anonymous_32)
FN:322,(anonymous_33)
FN:325,(anonymous_34)
FN:328,(anonymous_35)
FN:332,(anonymous_36)
FN:343,(anonymous_37)
FN:347,(anonymous_38)
FN:354,(anonymous_39)
FN:362,(anonymous_40)
FN:367,(anonymous_41)
FN:370,(anonymous_42)
FN:374,(anonymous_43)
FN:389,(anonymous_44)
FN:393,(anonymous_45)
FN:400,(anonymous_46)
FN:408,(anonymous_47)
FN:414,(anonymous_48)
FN:427,(anonymous_49)
FN:432,(anonymous_50)
FN:460,(anonymous_51)
FN:503,(anonymous_52)
FN:542,(anonymous_53)
FN:557,(anonymous_54)
FN:562,(anonymous_55)
FN:575,(anonymous_56)
FN:605,(anonymous_57)
FN:617,(anonymous_58)
FN:624,(anonymous_59)
FN:631,(anonymous_60)
FN:657,(anonymous_61)
FN:728,(anonymous_62)
FN:729,(anonymous_63)
FN:736,(anonymous_64)
FN:741,(anonymous_65)
FN:746,(anonymous_66)
FN:747,(anonymous_67)
FN:754,(anonymous_68)
FN:774,(anonymous_69)
FN:778,(anonymous_70)
FN:784,(anonymous_71)
FN:788,(anonymous_72)
FN:812,(anonymous_73)
FN:820,(anonymous_74)
FN:821,(anonymous_75)
FN:837,(anonymous_76)
FN:841,(anonymous_77)
FN:845,(anonymous_78)
FN:847,(anonymous_79)
FN:849,(anonymous_80)
FN:859,(anonymous_81)
FN:970,(anonymous_82)
FN:997,(anonymous_83)
FN:1036,(anonymous_84)
FN:1041,(anonymous_85)
FN:1044,(anonymous_86)
FN:1047,(anonymous_87)
FN:1047,(anonymous_88)
FN:1048,(anonymous_89)
FN:1068,(anonymous_90)
FN:1074,(anonymous_91)
FN:1077,(anonymous_92)
FN:1077,(anonymous_93)
FN:1078,(anonymous_94)
FN:1095,(anonymous_95)
FN:1097,(anonymous_96)
FN:1102,(anonymous_97)
FN:1102,(anonymous_98)
FN:1103,(anonymous_99)
FN:1111,(anonymous_100)
FN:1112,(anonymous_101)
FN:1127,(anonymous_102)
FN:1136,(anonymous_103)
FN:1145,(anonymous_104)
FN:1154,(anonymous_105)
FN:1173,(anonymous_106)
FN:1174,(anonymous_107)
FN:1175,(anonymous_108)
FN:1191,(anonymous_109)
FN:1200,(anonymous_110)
FN:1219,(anonymous_111)
FN:1238,(anonymous_112)
FN:1245,(anonymous_113)
FN:1262,(anonymous_114)
FN:1273,(anonymous_115)
FN:1275,(anonymous_116)
FN:1283,(anonymous_117)
FN:1303,(anonymous_118)
FN:1322,(anonymous_119)
FN:1333,(anonymous_120)
FN:1337,(anonymous_121)
FN:1337,(anonymous_122)
FN:1338,(anonymous_123)
FN:1338,(anonymous_124)
FN:1339,(anonymous_125)
FN:1339,(anonymous_126)
FN:1340,(anonymous_127)
FN:1340,(anonymous_128)
FN:1363,(anonymous_129)
FN:1377,(anonymous_130)
FN:1389,(anonymous_131)
FN:1407,(anonymous_132)
FN:1424,(anonymous_133)
FN:1433,(anonymous_134)
FN:1453,(anonymous_135)
FN:1472,(anonymous_136)
FN:1476,(anonymous_137)
FN:1481,(anonymous_138)
FN:1486,(anonymous_139)
FN:1495,(anonymous_140)
FN:1500,(anonymous_141)
FN:1512,(anonymous_142)
FN:1527,(anonymous_143)
FN:1541,(anonymous_144)
FN:1553,(anonymous_145)
FN:1557,(anonymous_146)
FN:1557,(anonymous_147)
FN:1558,(anonymous_148)
FN:1558,(anonymous_149)
FN:1559,(anonymous_150)
FN:1559,(anonymous_151)
FN:1560,(anonymous_152)
FN:1560,(anonymous_153)
FN:1581,(anonymous_154)
FN:1594,(anonymous_155)
FN:1605,(anonymous_156)
FN:1625,(anonymous_157)
FN:1639,(anonymous_158)
FN:1671,(anonymous_159)
FN:1680,(anonymous_160)
FN:1681,(anonymous_161)
FN:1694,(anonymous_162)
FN:1698,(anonymous_163)
FN:1706,(anonymous_164)
FN:1714,(anonymous_165)
FN:1728,(anonymous_166)
FN:1738,(anonymous_167)
FN:1752,(anonymous_168)
FN:1754,(anonymous_169)
FN:1755,(anonymous_170)
FN:1766,(anonymous_171)
FN:1781,(anonymous_172)
FN:1785,(anonymous_173)
FN:1798,(anonymous_174)
FN:1811,(anonymous_175)
FN:1823,(anonymous_176)
FN:1825,(anonymous_177)
FN:1826,(anonymous_178)
FNF:179
FNH:0
FNDA:0,(anonymous_0)
FNDA:0,CuratorEditDeleteDataPage
FNDA:0,(anonymous_2)
FNDA:0,(anonymous_3)
FNDA:0,(anonymous_4)
FNDA:0,(anonymous_5)
FNDA:0,(anonymous_6)
FNDA:0,(anonymous_7)
FNDA:0,(anonymous_8)
FNDA:0,(anonymous_9)
FNDA:0,(anonymous_10)
FNDA:0,(anonymous_11)
FNDA:0,(anonymous_12)
FNDA:0,(anonymous_13)
FNDA:0,(anonymous_14)
FNDA:0,(anonymous_15)
FNDA:0,(anonymous_16)
FNDA:0,(anonymous_17)
FNDA:0,(anonymous_18)
FNDA:0,(anonymous_19)
FNDA:0,(anonymous_20)
FNDA:0,(anonymous_21)
FNDA:0,(anonymous_22)
FNDA:0,(anonymous_23)
FNDA:0,(anonymous_24)
FNDA:0,(anonymous_25)
FNDA:0,(anonymous_26)
FNDA:0,(anonymous_27)
FNDA:0,(anonymous_28)
FNDA:0,(anonymous_29)
FNDA:0,(anonymous_30)
FNDA:0,(anonymous_31)
FNDA:0,(anonymous_32)
FNDA:0,(anonymous_33)
FNDA:0,(anonymous_34)
FNDA:0,(anonymous_35)
FNDA:0,(anonymous_36)
FNDA:0,(anonymous_37)
FNDA:0,(anonymous_38)
FNDA:0,(anonymous_39)
FNDA:0,(anonymous_40)
FNDA:0,(anonymous_41)
FNDA:0,(anonymous_42)
FNDA:0,(anonymous_43)
FNDA:0,(anonymous_44)
FNDA:0,(anonymous_45)
FNDA:0,(anonymous_46)
FNDA:0,(anonymous_47)
FNDA:0,(anonymous_48)
FNDA:0,(anonymous_49)
FNDA:0,(anonymous_50)
FNDA:0,(anonymous_51)
FNDA:0,(anonymous_52)
FNDA:0,(anonymous_53)
FNDA:0,(anonymous_54)
FNDA:0,(anonymous_55)
FNDA:0,(anonymous_56)
FNDA:0,(anonymous_57)
FNDA:0,(anonymous_58)
FNDA:0,(anonymous_59)
FNDA:0,(anonymous_60)
FNDA:0,(anonymous_61)
FNDA:0,(anonymous_62)
FNDA:0,(anonymous_63)
FNDA:0,(anonymous_64)
FNDA:0,(anonymous_65)
FNDA:0,(anonymous_66)
FNDA:0,(anonymous_67)
FNDA:0,(anonymous_68)
FNDA:0,(anonymous_69)
FNDA:0,(anonymous_70)
FNDA:0,(anonymous_71)
FNDA:0,(anonymous_72)
FNDA:0,(anonymous_73)
FNDA:0,(anonymous_74)
FNDA:0,(anonymous_75)
FNDA:0,(anonymous_76)
FNDA:0,(anonymous_77)
FNDA:0,(anonymous_78)
FNDA:0,(anonymous_79)
FNDA:0,(anonymous_80)
FNDA:0,(anonymous_81)
FNDA:0,(anonymous_82)
FNDA:0,(anonymous_83)
FNDA:0,(anonymous_84)
FNDA:0,(anonymous_85)
FNDA:0,(anonymous_86)
FNDA:0,(anonymous_87)
FNDA:0,(anonymous_88)
FNDA:0,(anonymous_89)
FNDA:0,(anonymous_90)
FNDA:0,(anonymous_91)
FNDA:0,(anonymous_92)
FNDA:0,(anonymous_93)
FNDA:0,(anonymous_94)
FNDA:0,(anonymous_95)
FNDA:0,(anonymous_96)
FNDA:0,(anonymous_97)
FNDA:0,(anonymous_98)
FNDA:0,(anonymous_99)
FNDA:0,(anonymous_100)
FNDA:0,(anonymous_101)
FNDA:0,(anonymous_102)
FNDA:0,(anonymous_103)
FNDA:0,(anonymous_104)
FNDA:0,(anonymous_105)
FNDA:0,(anonymous_106)
FNDA:0,(anonymous_107)
FNDA:0,(anonymous_108)
FNDA:0,(anonymous_109)
FNDA:0,(anonymous_110)
FNDA:0,(anonymous_111)
FNDA:0,(anonymous_112)
FNDA:0,(anonymous_113)
FNDA:0,(anonymous_114)
FNDA:0,(anonymous_115)
FNDA:0,(anonymous_116)
FNDA:0,(anonymous_117)
FNDA:0,(anonymous_118)
FNDA:0,(anonymous_119)
FNDA:0,(anonymous_120)
FNDA:0,(anonymous_121)
FNDA:0,(anonymous_122)
FNDA:0,(anonymous_123)
FNDA:0,(anonymous_124)
FNDA:0,(anonymous_125)
FNDA:0,(anonymous_126)
FNDA:0,(anonymous_127)
FNDA:0,(anonymous_128)
FNDA:0,(anonymous_129)
FNDA:0,(anonymous_130)
FNDA:0,(anonymous_131)
FNDA:0,(anonymous_132)
FNDA:0,(anonymous_133)
FNDA:0,(anonymous_134)
FNDA:0,(anonymous_135)
FNDA:0,(anonymous_136)
FNDA:0,(anonymous_137)
FNDA:0,(anonymous_138)
FNDA:0,(anonymous_139)
FNDA:0,(anonymous_140)
FNDA:0,(anonymous_141)
FNDA:0,(anonymous_142)
FNDA:0,(anonymous_143)
FNDA:0,(anonymous_144)
FNDA:0,(anonymous_145)
FNDA:0,(anonymous_146)
FNDA:0,(anonymous_147)
FNDA:0,(anonymous_148)
FNDA:0,(anonymous_149)
FNDA:0,(anonymous_150)
FNDA:0,(anonymous_151)
FNDA:0,(anonymous_152)
FNDA:0,(anonymous_153)
FNDA:0,(anonymous_154)
FNDA:0,(anonymous_155)
FNDA:0,(anonymous_156)
FNDA:0,(anonymous_157)
FNDA:0,(anonymous_158)
FNDA:0,(anonymous_159)
FNDA:0,(anonymous_160)
FNDA:0,(anonymous_161)
FNDA:0,(anonymous_162)
FNDA:0,(anonymous_163)
FNDA:0,(anonymous_164)
FNDA:0,(anonymous_165)
FNDA:0,(anonymous_166)
FNDA:0,(anonymous_167)
FNDA:0,(anonymous_168)
FNDA:0,(anonymous_169)
FNDA:0,(anonymous_170)
FNDA:0,(anonymous_171)
FNDA:0,(anonymous_172)
FNDA:0,(anonymous_173)
FNDA:0,(anonymous_174)
FNDA:0,(anonymous_175)
FNDA:0,(anonymous_176)
FNDA:0,(anonymous_177)
FNDA:0,(anonymous_178)
DA:16,0
DA:18,0
DA:20,0
DA:24,0
DA:25,0
DA:26,0
DA:27,0
DA:28,0
DA:29,0
DA:31,0
DA:33,0
DA:34,0
DA:35,0
DA:36,0
DA:37,0
DA:38,0
DA:41,0
DA:44,0
DA:45,0
DA:48,0
DA:49,0
DA:50,0
DA:53,0
DA:54,0
DA:55,0
DA:58,0
DA:59,0
DA:60,0
DA:61,0
DA:64,0
DA:67,0
DA:68,0
DA:69,0
DA:72,0
DA:73,0
DA:76,0
DA:77,0
DA:78,0
DA:79,0
DA:80,0
DA:81,0
DA:82,0
DA:83,0
DA:84,0
DA:85,0
DA:86,0
DA:87,0
DA:88,0
DA:89,0
DA:90,0
DA:91,0
DA:92,0
DA:93,0
DA:94,0
DA:95,0
DA:96,0
DA:97,0
DA:98,0
DA:100,0
DA:101,0
DA:102,0
DA:103,0
DA:105,0
DA:107,0
DA:109,0
DA:110,0
DA:111,0
DA:114,0
DA:116,0
DA:117,0
DA:119,0
DA:120,0
DA:121,0
DA:122,0
DA:123,0
DA:124,0
DA:126,0
DA:127,0
DA:128,0
DA:129,0
DA:130,0
DA:131,0
DA:132,0
DA:133,0
DA:134,0
DA:135,0
DA:136,0
DA:137,0
DA:138,0
DA:139,0
DA:140,0
DA:141,0
DA:142,0
DA:143,0
DA:144,0
DA:146,0
DA:147,0
DA:148,0
DA:149,0
DA:150,0
DA:151,0
DA:153,0
DA:154,0
DA:155,0
DA:156,0
DA:157,0
DA:158,0
DA:159,0
DA:160,0
DA:161,0
DA:162,0
DA:163,0
DA:164,0
DA:168,0
DA:170,0
DA:171,0
DA:172,0
DA:173,0
DA:175,0
DA:177,0
DA:178,0
DA:179,0
DA:180,0
DA:181,0
DA:183,0
DA:185,0
DA:186,0
DA:188,0
DA:189,0
DA:190,0
DA:192,0
DA:193,0
DA:194,0
DA:197,0
DA:198,0
DA:199,0
DA:200,0
DA:201,0
DA:202,0
DA:203,0
DA:204,0
DA:205,0
DA:206,0
DA:207,0
DA:208,0
DA:210,0
DA:211,0
DA:212,0
DA:214,0
DA:216,0
DA:217,0
DA:218,0
DA:219,0
DA:220,0
DA:221,0
DA:222,0
DA:223,0
DA:224,0
DA:225,0
DA:232,0
DA:233,0
DA:236,0
DA:237,0
DA:238,0
DA:241,0
DA:243,0
DA:264,0
DA:265,0
DA:269,0
DA:270,0
DA:271,0
DA:272,0
DA:276,0
DA:277,0
DA:278,0
DA:279,0
DA:280,0
DA:281,0
DA:282,0
DA:283,0
DA:284,0
DA:285,0
DA:286,0
DA:292,0
DA:293,0
DA:294,0
DA:295,0
DA:296,0
DA:297,0
DA:298,0
DA:299,0
DA:305,0
DA:306,0
DA:307,0
DA:308,0
DA:309,0
DA:310,0
DA:311,0
DA:312,0
DA:322,0
DA:325,0
DA:326,0
DA:327,0
DA:328,0
DA:329,0
DA:330,0
DA:332,0
DA:333,0
DA:337,0
DA:338,0
DA:339,0
DA:340,0
DA:341,0
DA:342,0
DA:343,0
DA:344,0
DA:345,0
DA:346,0
DA:347,0
DA:348,0
DA:350,0
DA:352,0
DA:353,0
DA:354,0
DA:355,0
DA:356,0
DA:357,0
DA:358,0
DA:360,0
DA:362,0
DA:367,0
DA:368,0
DA:369,0
DA:370,0
DA:371,0
DA:372,0
DA:374,0
DA:375,0
DA:379,0
DA:380,0
DA:381,0
DA:382,0
DA:383,0
DA:384,0
DA:385,0
DA:386,0
DA:387,0
DA:388,0
DA:389,0
DA:390,0
DA:391,0
DA:392,0
DA:393,0
DA:394,0
DA:396,0
DA:398,0
DA:399,0
DA:400,0
DA:401,0
DA:402,0
DA:403,0
DA:404,0
DA:406,0
DA:408,0
DA:414,0
DA:415,0
DA:416,0
DA:417,0
DA:419,0
DA:420,0
DA:422,0
DA:423,0
DA:424,0
DA:426,0
DA:427,0
DA:431,0
DA:432,0
DA:433,0
DA:434,0
DA:435,0
DA:436,0
DA:437,0
DA:439,0
DA:440,0
DA:441,0
DA:442,0
DA:445,0
DA:446,0
DA:447,0
DA:448,0
DA:449,0
DA:450,0
DA:451,0
DA:452,0
DA:453,0
DA:454,0
DA:455,0
DA:456,0
DA:457,0
DA:459,0
DA:460,0
DA:461,0
DA:462,0
DA:463,0
DA:464,0
DA:465,0
DA:467,0
DA:468,0
DA:469,0
DA:470,0
DA:471,0
DA:474,0
DA:475,0
DA:478,0
DA:479,0
DA:480,0
DA:482,0
DA:483,0
DA:484,0
DA:485,0
DA:487,0
DA:488,0
DA:489,0
DA:492,0
DA:493,0
DA:495,0
DA:503,0
DA:505,0
DA:506,0
DA:507,0
DA:508,0
DA:509,0
DA:510,0
DA:511,0
DA:512,0
DA:513,0
DA:515,0
DA:516,0
DA:517,0
DA:518,0
DA:519,0
DA:520,0
DA:521,0
DA:523,0
DA:526,0
DA:529,0
DA:531,0
DA:532,0
DA:533,0
DA:534,0
DA:535,0
DA:536,0
DA:537,0
DA:538,0
DA:539,0
DA:542,0
DA:543,0
DA:544,0
DA:545,0
DA:546,0
DA:548,0
DA:549,0
DA:550,0
DA:551,0
DA:552,0
DA:553,0
DA:554,0
DA:556,0
DA:557,0
DA:558,0
DA:560,0
DA:562,0
DA:563,0
DA:564,0
DA:565,0
DA:566,0
DA:567,0
DA:568,0
DA:569,0
DA:570,0
DA:575,0
DA:576,0
DA:583,0
DA:584,0
DA:585,0
DA:586,0
DA:587,0
DA:588,0
DA:589,0
DA:590,0
DA:591,0
DA:592,0
DA:595,0
DA:596,0
DA:598,0
DA:599,0
DA:602,0
DA:603,0
DA:605,0
DA:607,0
DA:610,0
DA:611,0
DA:613,0
DA:615,0
DA:616,0
DA:617,0
DA:619,0
DA:620,0
DA:621,0
DA:624,0
DA:625,0
DA:626,0
DA:630,0
DA:631,0
DA:632,0
DA:633,0
DA:634,0
DA:635,0
DA:636,0
DA:637,0
DA:658,0
DA:659,0
DA:660,0
DA:661,0
DA:662,0
DA:663,0
DA:664,0
DA:665,0
DA:667,0
DA:674,0
DA:689,0
DA:691,0
DA:692,0
DA:693,0
DA:695,0
DA:696,0
DA:697,0
DA:703,0
DA:705,0
DA:706,0
DA:707,0
DA:708,0
DA:710,0
DA:712,0
DA:713,0
DA:714,0
DA:719,0
DA:724,0
DA:725,0
DA:726,0
DA:727,0
DA:728,0
DA:729,0
DA:730,0
DA:732,0
DA:733,0
DA:734,0
DA:735,0
DA:736,0
DA:741,0
DA:743,0
DA:746,0
DA:747,0
DA:748,0
DA:749,0
DA:753,0
DA:754,0
DA:755,0
DA:756,0
DA:758,0
DA:759,0
DA:761,0
DA:763,0
DA:766,0
DA:767,0
DA:768,0
DA:770,0
DA:771,0
DA:773,0
DA:774,0
DA:775,0
DA:777,0
DA:778,0
DA:779,0
DA:784,0
DA:785,0
DA:788,0
DA:789,0
DA:790,0
DA:791,0
DA:792,0
DA:796,0
DA:813,0
DA:814,0
DA:815,0
DA:817,0
DA:820,0
DA:821,0
DA:837,0
DA:841,0
DA:845,0
DA:847,0
DA:850,0
DA:851,0
DA:852,0
DA:853,0
DA:854,0
DA:858,0
DA:859,0
DA:861,0
DA:862,0
DA:863,0
DA:864,0
DA:865,0
DA:866,0
DA:867,0
DA:868,0
DA:869,0
DA:870,0
DA:872,0
DA:874,0
DA:875,0
DA:876,0
DA:878,0
DA:880,0
DA:884,0
DA:885,0
DA:893,0
DA:894,0
DA:895,0
DA:896,0
DA:897,0
DA:898,0
DA:899,0
DA:900,0
DA:902,0
DA:903,0
DA:906,0
DA:908,0
DA:909,0
DA:910,0
DA:911,0
DA:912,0
DA:913,0
DA:914,0
DA:915,0
DA:916,0
DA:917,0
DA:918,0
DA:920,0
DA:922,0
DA:923,0
DA:924,0
DA:925,0
DA:926,0
DA:927,0
DA:928,0
DA:929,0
DA:930,0
DA:934,0
DA:936,0
DA:937,0
DA:939,0
DA:944,0
DA:945,0
DA:946,0
DA:948,0
DA:949,0
DA:951,0
DA:953,0
DA:972,0
DA:973,0
DA:974,0
DA:975,0
DA:976,0
DA:977,0
DA:978,0
DA:979,0
DA:980,0
DA:981,0
DA:982,0
DA:983,0
DA:984,0
DA:985,0
DA:986,0
DA:987,0
DA:988,0
DA:999,0
DA:1000,0
DA:1001,0
DA:1002,0
DA:1003,0
DA:1004,0
DA:1005,0
DA:1036,0
DA:1041,0
DA:1044,0
DA:1047,0
DA:1048,0
DA:1068,0
DA:1074,0
DA:1077,0
DA:1078,0
DA:1095,0
DA:1097,0
DA:1102,0
DA:1103,0
DA:1111,0
DA:1112,0
DA:1127,0
DA:1136,0
DA:1145,0
DA:1154,0
DA:1173,0
DA:1174,0
DA:1175,0
DA:1191,0
DA:1200,0
DA:1219,0
DA:1238,0
DA:1245,0
DA:1263,0
DA:1271,0
DA:1272,0
DA:1273,0
DA:1274,0
DA:1275,0
DA:1284,0
DA:1285,0
DA:1286,0
DA:1287,0
DA:1288,0
DA:1289,0
DA:1290,0
DA:1291,0
DA:1292,0
DA:1293,0
DA:1294,0
DA:1295,0
DA:1296,0
DA:1297,0
DA:1299,0
DA:1304,0
DA:1305,0
DA:1306,0
DA:1307,0
DA:1308,0
DA:1309,0
DA:1310,0
DA:1311,0
DA:1312,0
DA:1313,0
DA:1314,0
DA:1315,0
DA:1316,0
DA:1318,0
DA:1323,0
DA:1324,0
DA:1325,0
DA:1326,0
DA:1327,0
DA:1328,0
DA:1329,0
DA:1330,0
DA:1331,0
DA:1332,0
DA:1333,0
DA:1337,0
DA:1338,0
DA:1339,0
DA:1340,0
DA:1364,0
DA:1365,0
DA:1366,0
DA:1367,0
DA:1368,0
DA:1369,0
DA:1370,0
DA:1371,0
DA:1372,0
DA:1373,0
DA:1374,0
DA:1378,0
DA:1379,0
DA:1380,0
DA:1381,0
DA:1382,0
DA:1383,0
DA:1384,0
DA:1385,0
DA:1386,0
DA:1390,0
DA:1391,0
DA:1392,0
DA:1393,0
DA:1394,0
DA:1395,0
DA:1396,0
DA:1397,0
DA:1398,0
DA:1399,0
DA:1400,0
DA:1402,0
DA:1403,0
DA:1404,0
DA:1405,0
DA:1407,0
DA:1424,0
DA:1433,0
DA:1453,0
DA:1472,0
DA:1476,0
DA:1481,0
DA:1486,0
DA:1495,0
DA:1500,0
DA:1513,0
DA:1514,0
DA:1515,0
DA:1516,0
DA:1517,0
DA:1518,0
DA:1519,0
DA:1520,0
DA:1521,0
DA:1522,0
DA:1523,0
DA:1524,0
DA:1528,0
DA:1529,0
DA:1530,0
DA:1531,0
DA:1532,0
DA:1533,0
DA:1534,0
DA:1535,0
DA:1536,0
DA:1537,0
DA:1538,0
DA:1542,0
DA:1543,0
DA:1544,0
DA:1545,0
DA:1546,0
DA:1547,0
DA:1550,0
DA:1551,0
DA:1552,0
DA:1553,0
DA:1557,0
DA:1558,0
DA:1559,0
DA:1560,0
DA:1582,0
DA:1583,0
DA:1584,0
DA:1585,0
DA:1586,0
DA:1587,0
DA:1588,0
DA:1589,0
DA:1590,0
DA:1591,0
DA:1595,0
DA:1596,0
DA:1597,0
DA:1598,0
DA:1599,0
DA:1600,0
DA:1601,0
DA:1602,0
DA:1606,0
DA:1607,0
DA:1608,0
DA:1609,0
DA:1610,0
DA:1611,0
DA:1612,0
DA:1613,0
DA:1616,0
DA:1617,0
DA:1618,0
DA:1620,0
DA:1621,0
DA:1622,0
DA:1623,0
DA:1625,0
DA:1639,0
DA:1671,0
DA:1680,0
DA:1682,0
DA:1683,0
DA:1684,0
DA:1688,0
DA:1689,0
DA:1690,0
DA:1691,0
DA:1692,0
DA:1693,0
DA:1694,0
DA:1695,0
DA:1696,0
DA:1697,0
DA:1698,0
DA:1700,0
DA:1703,0
DA:1704,0
DA:1705,0
DA:1706,0
DA:1707,0
DA:1708,0
DA:1709,0
DA:1710,0
DA:1712,0
DA:1714,0
DA:1728,0
DA:1738,0
DA:1752,0
DA:1754,0
DA:1755,0
DA:1766,0
DA:1781,0
DA:1785,0
DA:1798,0
DA:1811,0
DA:1823,0
DA:1825,0
DA:1826,0
LF:828
LH:0
BRDA:18,0,0,0
BRDA:18,0,1,0
BRDA:34,1,0,0
BRDA:34,1,1,0
BRDA:34,2,0,0
BRDA:34,2,1,0
BRDA:37,3,0,0
BRDA:37,3,1,0
BRDA:44,4,0,0
BRDA:44,4,1,0
BRDA:49,5,0,0
BRDA:49,5,1,0
BRDA:53,6,0,0
BRDA:53,6,1,0
BRDA:59,7,0,0
BRDA:59,7,1,0
BRDA:68,8,0,0
BRDA:68,8,1,0
BRDA:98,9,0,0
BRDA:98,9,1,0
BRDA:98,10,0,0
BRDA:98,10,1,0
BRDA:98,11,0,0
BRDA:98,11,1,0
BRDA:107,12,0,0
BRDA:107,12,1,0
BRDA:110,13,0,0
BRDA:110,13,1,0
BRDA:214,14,0,0
[...]
BRDA:1722,324,0,0
BRDA:1729,325,0,0
BRDA:1729,325,1,0
BRDA:1731,326,0,0
BRDA:1731,326,1,0
BRDA:1732,327,0,0
BRDA:1732,327,1,0
BRDA:1746,328,0,0
BRDA:1757,329,0,0
BRDA:1757,329,1,0
BRDA:1759,330,0,0
BRDA:1759,330,1,0
BRDA:1760,331,0,0
BRDA:1760,331,1,0
BRDA:1774,332,0,0
BRDA:1774,333,0,0
BRDA:1774,333,1,0
BRDA:1789,334,0,0
BRDA:1804,335,0,0
BRDA:1804,335,1,0
BRDA:1809,336,0,0
BRDA:1809,336,1,0
BRDA:1820,337,0,0
BRDA:1820,337,1,0
BRDA:1820,337,2,0
BRF:710
BRH:0
end_of_record
TN:
SF:app/dashboard/page.tsx
FN:9,(anonymous_0)
FN:14,(anonymous_1)
FN:20,(anonymous_2)
FNF:3
FNH:0
FNDA:0,(anonymous_0)
FNDA:0,(anonymous_1)
FNDA:0,(anonymous_2)
DA:9,0
DA:11,0
DA:14,0
DA:15,0
DA:16,0
DA:20,0
DA:21,0
DA:24,0
LF:8
LH:0
BRF:0
BRH:0
end_of_record
TN:
SF:app/expert-bulk-upload/page.tsx
FN:12,(anonymous_0)
FN:14,CuratorBulkUploadPage
FN:21,(anonymous_2)
FN:78,(anonymous_3)
FN:82,(anonymous_4)
FN:85,(anonymous_5)
FNF:6
FNH:6
FNDA:8,(anonymous_0)
FNDA:8,CuratorBulkUploadPage
FNDA:3,(anonymous_2)
FNDA:5,(anonymous_3)
FNDA:1,(anonymous_4)
FNDA:8,(anonymous_5)
DA:12,8
DA:15,8
DA:16,8
DA:17,8
DA:18,8
DA:19,8
DA:21,8
DA:22,3
DA:23,1
DA:24,1
DA:36,3
DA:39,8
DA:40,8
DA:78,8
DA:79,5
DA:82,1
DA:85,8
DA:86,8
DA:100,8
DA:101,1
DA:110,7
LF:21
LH:21
BRDA:12,0,0,6
BRDA:12,0,1,2
BRDA:17,1,0,8
BRDA:17,1,1,2
BRDA:22,2,0,1
BRDA:22,2,1,2
BRDA:22,3,0,3
BRDA:22,3,1,1
BRDA:79,4,0,4
BRDA:79,4,1,1
BRDA:86,5,0,1
BRDA:86,5,1,7
BRDA:86,6,0,8
BRDA:86,6,1,5
BRDA:100,7,0,1
BRDA:100,7,1,7
BRDA:100,8,0,8
BRDA:100,8,1,5
BRDA:100,8,2,4
BRDA:125,9,0,3
BRDA:125,9,1,4
BRF:21
BRH:21
end_of_record
TN:
SF:app/expert-dashboard/ChartModeSelector.tsx
FN:17,ChartModeSelector
FN:25,(anonymous_1)
FN:38,(anonymous_2)
FNF:3
FNH:3
FNDA:2,ChartModeSelector
FNDA:6,(anonymous_1)
FNDA:1,(anonymous_2)
DA:13,1
DA:15,1
DA:22,2
DA:26,6
DA:27,6
DA:38,1
LF:6
LH:6
BRDA:20,0,0,2
BRDA:45,1,0,2
BRDA:45,1,1,4
BRF:3
BRH:3
end_of_record
TN:
SF:app/expert-dashboard/ChartRenderer.tsx
FN:12,ChartRenderer
FN:16,(anonymous_1)
FNF:2
FNH:2
FNDA:2,ChartRenderer
FNDA:9,(anonymous_1)
DA:13,2
DA:14,2
DA:16,2
DA:17,9
DA:23,9
DA:24,9
DA:26,9
DA:33,2
LF:8
LH:8
BRF:0
BRH:0
end_of_record
TN:
SF:app/expert-dashboard/ExpertDashboardPage.tsx
FN:16,(anonymous_0)
FN:19,ExpertDashboardPage
FN:27,(anonymous_2)
FN:43,(anonymous_3)
FN:62,(anonymous_4)
FN:71,(anonymous_5)
FN:88,(anonymous_6)
FNF:7
FNH:7
FNDA:8,(anonymous_0)
FNDA:26,ExpertDashboardPage
FNDA:8,(anonymous_2)
FNDA:16,(anonymous_3)
FNDA:26,(anonymous_4)
FNDA:2,(anonymous_5)
FNDA:1,(anonymous_6)
DA:14,1
DA:16,1
DA:17,8
DA:20,26
DA:21,26
DA:22,26
DA:23,26
DA:24,26
DA:25,26
DA:27,26
DA:28,8
DA:29,8
DA:30,2
DA:31,2
DA:32,2
DA:33,1
DA:36,1
DA:39,8
DA:40,8
DA:43,26
DA:44,16
DA:45,8
DA:48,8
DA:49,2
DA:50,2
DA:53,6
DA:54,6
DA:55,1
DA:56,1
DA:59,5
DA:62,26
DA:63,26
DA:64,24
DA:67,2
DA:68,2
DA:71,26
DA:72,2
DA:76,2
DA:85,2
DA:88,26
DA:89,1
DA:92,26
DA:93,18
DA:103,8
DA:104,1
DA:114,7
LF:46
LH:46
BRDA:17,0,0,7
BRDA:17,0,1,1
BRDA:29,1,0,2
BRDA:29,1,1,6
BRDA:29,2,0,8
BRDA:29,2,1,2
BRDA:32,3,0,1
BRDA:32,3,1,1
BRDA:39,4,0,8
BRDA:39,4,1,2
BRDA:44,5,0,8
BRDA:44,5,1,8
BRDA:48,6,0,2
BRDA:48,6,1,6
BRDA:54,7,0,1
BRDA:54,7,1,5
BRDA:63,8,0,24
BRDA:63,8,1,2
BRDA:73,9,0,2
BRDA:73,9,1,1
BRDA:74,10,0,2
BRDA:74,10,1,1
BRDA:83,11,0,2
BRDA:83,11,1,1
BRDA:92,12,0,18
BRDA:92,12,1,8
BRDA:92,13,0,26
BRDA:92,13,1,10
BRDA:103,14,0,1
BRDA:103,14,1,7
BRF:30
BRH:30
end_of_record
TN:
SF:app/expert-dashboard/chartModePreference.ts
FN:31,(anonymous_0)
FN:37,(anonymous_1)
FN:39,(anonymous_2)
FN:43,(anonymous_3)
FN:56,(anonymous_4)
FNF:5
FNH:5
FNDA:6,(anonymous_0)
FNDA:9,(anonymous_1)
FNDA:4,(anonymous_2)
FNDA:6,(anonymous_3)
FNDA:3,(anonymous_4)
DA:1,2
DA:3,2
DA:7,2
DA:12,2
DA:30,2
DA:31,6
DA:37,9
DA:39,2
DA:40,4
DA:43,2
DA:44,6
DA:46,5
DA:47,5
DA:48,4
DA:53,2
DA:56,2
DA:57,3
DA:59,2
DA:60,2
LF:19
LH:19
BRDA:40,0,0,4
BRDA:40,0,1,4
BRDA:44,1,0,1
BRDA:44,1,1,5
BRDA:48,2,0,3
BRDA:48,2,1,1
BRDA:57,3,0,1
BRDA:57,3,1,2
BRF:8
BRH:8
end_of_record
TN:
SF:app/expert-dashboard/chartModeStrategies.ts
FN:21,(anonymous_0)
FN:32,(anonymous_1)
FN:42,(anonymous_2)
FN:57,(anonymous_3)
FNF:4
FNH:4
FNDA:2,(anonymous_0)
FNDA:1,(anonymous_1)
FNDA:1,(anonymous_2)
FNDA:5,(anonymous_3)
DA:19,2
DA:21,2
DA:30,2
DA:32,1
DA:40,2
DA:42,1
DA:51,2
DA:57,2
DA:58,5
LF:9
LH:9
BRDA:58,0,0,5
BRDA:58,0,1,1
BRF:2
BRH:2
end_of_record
TN:
SF:app/expert-dashboard/page.tsx
FN:3,ExpertDashboardRoute
FNF:1
FNH:1
FNDA:1,ExpertDashboardRoute
DA:4,1
LF:1
LH:1
BRF:0
BRH:0
end_of_record
TN:
SF:app/expert-dashboard/tooltip.ts
FN:23,(anonymous_0)
FN:36,(anonymous_1)
FN:52,(anonymous_2)
FN:57,(anonymous_3)
FN:65,(anonymous_4)
FN:70,(anonymous_5)
FN:78,(anonymous_6)
FN:122,(anonymous_7)
FN:132,(anonymous_8)
FN:163,(anonymous_9)
FN:170,(anonymous_10)
FN:173,(anonymous_11)
FNF:12
FNH:12
FNDA:13,(anonymous_0)
FNDA:16,(anonymous_1)
FNDA:63,(anonymous_2)
FNDA:12,(anonymous_3)
FNDA:17,(anonymous_4)
FNDA:12,(anonymous_5)
FNDA:25,(anonymous_6)
FNDA:48,(anonymous_7)
FNDA:12,(anonymous_8)
FNDA:3,(anonymous_9)
FNDA:14,(anonymous_10)
FNDA:17,(anonymous_11)
DA:10,3
DA:14,3
DA:18,3
DA:23,3
DA:24,13
DA:25,10
DA:26,3
DA:27,2
DA:28,2
DA:29,1
DA:33,2
DA:36,3
DA:39,16
DA:40,2
DA:41,14
DA:42,11
DA:43,3
DA:44,2
DA:45,2
DA:46,1
DA:49,2
DA:52,3
DA:53,63
DA:54,62
DA:57,3
DA:58,12
DA:59,12
DA:60,12
DA:61,2
DA:62,1
DA:65,3
DA:66,17
DA:67,16
DA:70,3
DA:71,12
DA:72,12
DA:73,12
DA:74,2
DA:75,1
DA:78,3
DA:82,25
DA:83,4
DA:86,21
DA:87,21
DA:88,3
DA:91,18
DA:92,18
DA:95,3
DA:104,3
DA:106,3
DA:114,3
DA:122,3
DA:126,48
DA:127,102
DA:129,10
DA:132,3
DA:135,12
DA:136,12
DA:139,12
DA:140,12
DA:143,12
DA:144,11
DA:146,12
DA:147,1
DA:151,12
DA:152,2
DA:155,12
DA:163,3
DA:164,3
DA:165,1
DA:167,2
DA:170,3
DA:171,14
DA:173,3
DA:176,17
DA:178,17
DA:179,17
DA:180,15
DA:183,17
DA:184,2
DA:187,17
DA:189,17
DA:190,13
DA:192,13
DA:193,12
DA:197,12
DA:200,12
DA:204,17
LF:88
LH:88
BRDA:24,0,0,10
BRDA:24,0,1,3
BRDA:24,1,0,13
BRDA:24,1,1,10
BRDA:26,2,0,2
BRDA:26,2,1,1
BRDA:28,3,0,1
BRDA:28,3,1,1
BRDA:39,4,0,2
BRDA:39,4,1,14
BRDA:39,5,0,16
BRDA:39,5,1,15
BRDA:41,6,0,11
BRDA:41,6,1,3
BRDA:41,7,0,14
BRDA:41,7,1,11
BRDA:43,8,0,2
BRDA:43,8,1,1
BRDA:45,9,0,1
BRDA:45,9,1,1
BRDA:53,10,0,1
BRDA:53,10,1,62
BRDA:60,11,0,10
BRDA:60,11,1,2
BRDA:61,12,0,1
BRDA:61,12,1,1
BRDA:66,13,0,1
BRDA:66,13,1,16
BRDA:73,14,0,10
BRDA:73,14,1,2
BRDA:74,15,0,1
BRDA:74,15,1,1
BRDA:82,16,0,4
BRDA:82,16,1,21
BRDA:82,17,0,25
BRDA:82,17,1,24
BRDA:87,18,0,3
BRDA:87,18,1,18
BRDA:127,19,0,38
BRDA:127,19,1,64
BRDA:143,20,0,11
BRDA:143,20,1,1
BRDA:146,21,0,1
BRDA:146,21,1,11
BRDA:146,22,0,12
BRDA:146,22,1,1
BRDA:151,23,0,2
BRDA:151,23,1,10
BRDA:164,24,0,1
BRDA:164,24,1,2
BRDA:171,25,0,2
BRDA:171,25,1,12
BRDA:179,26,0,15
BRDA:179,26,1,2
BRDA:183,27,0,2
BRDA:183,27,1,15
BRDA:183,28,0,17
BRDA:183,28,1,2
BRDA:189,29,0,13
BRDA:189,29,1,4
BRDA:189,30,0,17
BRDA:189,30,1,16
BRDA:192,31,0,12
BRDA:192,31,1,1
BRF:64
BRH:64
end_of_record
TN:
SF:app/expert-dashboard/components/TooltipContent.tsx
FN:23,(anonymous_0)
FN:31,(anonymous_1)
FN:39,TooltipContent
FNF:3
FNH:3
FNDA:5,(anonymous_0)
FNDA:4,(anonymous_1)
FNDA:9,TooltipContent
DA:18,1
DA:19,1
DA:20,1
DA:21,1
DA:23,1
DA:24,5
DA:25,5
DA:26,5
DA:27,2
DA:28,1
DA:31,1
DA:32,4
DA:33,4
DA:34,4
DA:35,2
DA:36,1
DA:44,9
DA:45,9
DA:47,9
DA:63,9
LF:20
LH:20
BRDA:26,0,0,3
BRDA:26,0,1,2
BRDA:27,1,0,1
BRDA:27,1,1,1
BRDA:34,2,0,2
BRDA:34,2,1,2
BRDA:35,3,0,1
BRDA:35,3,1,1
BRDA:41,4,0,9
BRDA:44,5,0,9
BRDA:44,5,1,8
BRDA:47,6,0,9
BRDA:47,6,1,6
BRDA:47,6,2,6
BRDA:66,7,0,8
BRDA:66,7,1,1
BRDA:71,8,0,1
BRDA:71,8,1,8
BRDA:71,9,0,9
BRDA:71,9,1,1
BRDA:79,10,0,6
BRDA:79,10,1,3
BRDA:84,11,0,5
BRDA:84,11,1,4
BRF:24
BRH:24
end_of_record
TN:
SF:app/expert-data-management/ExpertDataManagementPage.tsx
FN:11,(anonymous_0)
FN:27,getToken
FN:45,getTokenForDelete
FN:79,(anonymous_3)
FN:88,(anonymous_4)
FN:105,(anonymous_5)
FN:108,(anonymous_6)
FN:116,(anonymous_7)
FN:119,(anonymous_8)
FN:122,(anonymous_9)
FN:137,ExpertDataManagementPage
FN:149,(anonymous_11)
FN:155,(anonymous_12)
FN:159,(anonymous_13)
FN:173,(anonymous_14)
FN:180,(anonymous_15)
FN:182,(anonymous_16)
FN:200,(anonymous_17)
FN:206,(anonymous_18)
FN:222,(anonymous_19)
FN:222,(anonymous_20)
FN:224,(anonymous_21)
FN:238,(anonymous_22)
FN:275,(anonymous_23)
FN:281,(anonymous_24)
FN:309,(anonymous_25)
FN:320,(anonymous_26)
FN:332,(anonymous_27)
FNF:28
FNH:28
FNDA:15,(anonymous_0)
FNDA:14,getToken
FNDA:9,getTokenForDelete
FNDA:3,(anonymous_3)
FNDA:15,(anonymous_4)
FNDA:26,(anonymous_5)
FNDA:9,(anonymous_6)
FNDA:11,(anonymous_7)
FNDA:9,(anonymous_8)
FNDA:28,(anonymous_9)
FNDA:54,ExpertDataManagementPage
FNDA:12,(anonymous_11)
FNDA:24,(anonymous_12)
FNDA:54,(anonymous_13)
FNDA:8,(anonymous_14)
FNDA:24,(anonymous_15)
FNDA:8,(anonymous_16)
FNDA:2,(anonymous_17)
FNDA:5,(anonymous_18)
FNDA:1,(anonymous_19)
FNDA:1,(anonymous_20)
FNDA:1,(anonymous_21)
FNDA:24,(anonymous_22)
FNDA:3,(anonymous_23)
FNDA:2,(anonymous_24)
FNDA:22,(anonymous_25)
FNDA:5,(anonymous_26)
FNDA:2,(anonymous_27)
DA:11,1
DA:12,15
DA:28,14
DA:30,14
DA:31,14
DA:32,7
DA:33,6
DA:38,8
DA:39,8
DA:41,1
DA:46,9
DA:49,8
DA:50,8
DA:51,8
DA:52,4
DA:53,4
DA:62,5
DA:63,5
DA:64,20
DA:65,20
DA:69,4
DA:70,4
DA:71,4
DA:76,3
DA:79,1
DA:80,3
DA:81,3
DA:82,3
DA:83,3
DA:84,3
DA:85,3
DA:88,1
DA:89,15
DA:93,3
DA:94,3
DA:95,3
DA:96,2
DA:102,1
DA:105,1
DA:106,26
DA:107,26
DA:108,5
DA:109,9
DA:116,1
DA:117,11
DA:119,1
DA:120,9
DA:122,1
DA:126,28
DA:127,15
DA:129,13
DA:130,13
DA:131,2
DA:134,11
DA:140,54
DA:141,54
DA:143,54
DA:144,54
DA:145,54
DA:146,54
DA:147,54
DA:149,54
DA:150,12
DA:151,12
DA:152,12
DA:155,54
DA:156,24
DA:159,54
DA:160,54
DA:161,1
DA:162,1
DA:165,54
DA:166,54
DA:167,54
DA:168,54
DA:170,54
DA:171,54
DA:173,54
DA:174,8
DA:175,8
DA:176,8
DA:177,8
DA:180,54
DA:181,24
DA:182,8
DA:183,8
DA:184,8
DA:188,8
DA:189,7
DA:191,7
DA:193,1
DA:194,1
DA:200,54
DA:201,2
DA:202,2
DA:206,54
DA:207,5
DA:211,3
DA:212,3
DA:213,3
DA:221,2
DA:222,1
DA:224,1
DA:225,1
DA:226,1
DA:229,1
DA:230,1
DA:232,3
DA:237,54
DA:238,24
DA:242,54
DA:243,25
DA:250,29
DA:251,1
DA:262,28
DA:275,3
DA:281,2
DA:310,22
DA:311,22
DA:320,5
DA:332,2
LF:121
LH:121
BRDA:12,0,0,14
BRDA:12,0,1,1
BRDA:31,1,0,7
BRDA:31,1,1,7
BRDA:33,2,0,4
BRDA:33,2,1,2
BRDA:38,3,0,8
BRDA:38,3,1,7
BRDA:39,4,0,8
BRDA:39,4,1,6
BRDA:46,5,0,1
BRDA:46,5,1,8
BRDA:51,6,0,4
BRDA:51,6,1,4
BRDA:53,7,0,2
BRDA:53,7,1,2
BRDA:65,8,0,1
BRDA:65,8,1,19
BRDA:71,9,0,1
BRDA:71,9,1,3
BRDA:89,10,0,11
BRDA:89,10,1,4
BRDA:95,11,0,2
BRDA:95,11,1,1
BRDA:107,12,0,21
BRDA:107,12,1,5
BRDA:117,13,0,1
BRDA:117,13,1,10
BRDA:120,14,0,7
BRDA:120,14,1,2
BRDA:126,15,0,13
BRDA:126,15,1,15
BRDA:127,16,0,2
BRDA:127,16,1,13
BRDA:130,17,0,2
BRDA:130,17,1,11
BRDA:141,18,0,54
BRDA:141,18,1,50
BRDA:151,19,0,12
BRDA:151,19,1,1
BRDA:160,20,0,53
BRDA:160,20,1,1
BRDA:165,21,0,54
BRDA:165,21,1,47
BRDA:170,22,0,54
BRDA:170,22,1,54
BRDA:171,23,0,54
BRDA:171,23,1,54
BRDA:176,24,0,3
BRDA:176,24,1,5
BRDA:181,25,0,16
BRDA:181,25,1,8
BRDA:181,26,0,24
BRDA:181,26,1,10
BRDA:188,27,0,1
BRDA:188,27,1,7
BRDA:207,28,0,1
BRDA:207,28,1,4
BRDA:221,29,0,1
BRDA:221,29,1,1
BRDA:242,30,0,25
BRDA:242,30,1,29
BRDA:242,31,0,54
BRDA:242,31,1,30
BRDA:250,32,0,1
BRDA:250,32,1,28
BRDA:279,33,0,28
BRDA:279,33,1,4
BRDA:302,34,0,1
BRDA:302,34,1,27
BRDA:308,35,0,18
BRDA:308,35,1,9
BRDA:323,36,0,3
BRDA:323,36,1,19
BRDA:329,37,0,3
BRDA:329,37,1,19
BRF:76
BRH:76
end_of_record
TN:
SF:app/expert-data-management/view/page.tsx
FN:10,(anonymous_0)
FN:35,ViewContent
FN:41,(anonymous_2)
FN:59,(anonymous_3)
FN:76,(anonymous_4)
FN:79,(anonymous_5)
FN:122,(anonymous_6)
FN:177,(anonymous_7)
FN:285,ExpertViewPage
FNF:9
FNH:9
FNDA:14,(anonymous_0)
FNDA:38,ViewContent
FNDA:15,(anonymous_2)
FNDA:30,(anonymous_3)
FNDA:30,(anonymous_4)
FNDA:11,(anonymous_5)
FNDA:1,(anonymous_6)
FNDA:5,(anonymous_7)
FNDA:15,ExpertViewPage
DA:10,14
DA:36,38
DA:37,38
DA:38,38
DA:39,38
DA:41,38
DA:42,15
DA:43,15
DA:44,2
DA:45,2
DA:46,2
DA:51,15
DA:52,1
DA:53,1
DA:55,14
DA:56,14
DA:59,38
DA:60,30
DA:61,1
DA:62,1
DA:65,38
DA:66,38
DA:68,38
DA:69,38
DA:70,38
DA:71,38
DA:73,38
DA:74,38
DA:76,38
DA:77,30
DA:78,12
DA:79,11
DA:80,11
DA:81,11
DA:85,10
DA:86,9
DA:87,9
DA:89,2
DA:90,2
DA:95,38
DA:96,16
DA:103,22
DA:104,2
DA:115,20
DA:122,1
DA:179,5
DA:186,5
DA:191,5
DA:197,5
DA:203,5
DA:209,5
DA:215,5
DA:221,5
DA:227,5
DA:232,5
DA:286,15
LF:56
LH:56
BRDA:10,0,0,13
BRDA:10,0,1,1
BRDA:43,1,0,2
BRDA:43,1,1,13
BRDA:43,2,0,15
BRDA:43,2,1,2
BRDA:46,3,0,1
BRDA:46,3,1,1
BRDA:51,4,0,1
BRDA:51,4,1,14
BRDA:56,5,0,12
BRDA:56,5,1,2
BRDA:60,6,0,29
BRDA:60,6,1,1
BRDA:65,7,0,38
BRDA:65,7,1,38
BRDA:66,8,0,38
BRDA:66,8,1,38
BRDA:68,9,0,38
BRDA:68,9,1,2
BRDA:69,10,0,38
BRDA:69,10,1,2
BRDA:70,11,0,38
BRDA:70,11,1,35
BRDA:71,12,0,38
BRDA:71,12,1,35
BRDA:77,13,0,18
BRDA:77,13,1,12
BRDA:78,14,0,1
BRDA:78,14,1,11
BRDA:85,15,0,1
BRDA:85,15,1,9
BRDA:87,16,0,9
BRDA:87,16,1,2
BRDA:87,16,2,1
BRDA:95,17,0,16
BRDA:95,17,1,22
BRDA:95,18,0,38
BRDA:95,18,1,23
BRDA:103,19,0,2
BRDA:103,19,1,20
BRDA:131,20,0,20
BRDA:131,20,1,2
BRDA:136,21,0,20
BRDA:136,21,1,2
BRDA:143,22,0,2
BRDA:143,22,1,18
BRDA:145,23,0,5
BRDA:145,23,1,13
BRDA:179,24,0,5
BRDA:179,24,1,5
BRDA:179,24,2,3
BRDA:180,25,0,1
BRDA:180,25,1,4
BRDA:186,26,0,5
BRDA:186,26,1,5
BRDA:186,26,2,3
BRDA:191,27,0,5
BRDA:191,27,1,5
BRDA:191,27,2,4
BRDA:191,27,3,3
BRDA:197,28,0,5
BRDA:197,28,1,5
BRDA:197,28,2,4
BRDA:197,28,3,3
BRDA:203,29,0,5
BRDA:203,29,1,5
BRDA:203,29,2,4
BRDA:203,29,3,3
BRDA:209,30,0,5
BRDA:209,30,1,5
BRDA:209,30,2,4
BRDA:209,30,3,3
BRDA:215,31,0,5
BRDA:215,31,1,5
BRDA:215,31,2,4
BRDA:215,31,3,3
BRDA:221,32,0,5
BRDA:221,32,1,5
BRDA:221,32,2,4
BRDA:221,32,3,3
BRDA:227,33,0,5
BRDA:227,33,1,5
BRDA:227,33,2,4
BRDA:227,33,3,3
BRDA:250,34,0,2
BRDA:250,34,1,3
BRF:87
BRH:87
end_of_record
TN:
SF:app/forgot-password/page.tsx
FN:9,ForgotPasswordPage
FN:15,(anonymous_1)
FN:30,(anonymous_2)
FN:85,(anonymous_3)
FNF:4
FNH:0
FNDA:0,ForgotPasswordPage
FNDA:0,(anonymous_1)
FNDA:0,(anonymous_2)
FNDA:0,(anonymous_3)
DA:7,0
DA:10,0
DA:11,0
DA:12,0
DA:13,0
DA:15,0
DA:16,0
DA:17,0
DA:18,0
DA:21,0
DA:22,0
DA:23,0
DA:26,0
DA:27,0
DA:30,0
DA:31,0
DA:34,0
DA:35,0
DA:38,0
DA:39,0
DA:41,0
DA:42,0
DA:44,0
DA:45,0
DA:47,0
DA:50,0
DA:51,0
DA:53,0
DA:57,0
DA:86,0
DA:87,0
LF:31
LH:0
BRDA:16,0,0,0
BRDA:16,0,1,0
BRDA:21,1,0,0
BRDA:21,1,1,0
BRDA:34,2,0,0
BRDA:34,2,1,0
BRDA:44,3,0,0
BRDA:44,3,1,0
BRDA:47,4,0,0
BRDA:47,4,1,0
BRDA:87,5,0,0
BRDA:87,5,1,0
BRDA:90,6,0,0
BRDA:90,6,1,0
BRDA:96,7,0,0
BRDA:96,7,1,0
BRDA:119,8,0,0
BRDA:119,8,1,0
BRDA:123,9,0,0
BRDA:123,9,1,0
BRF:20
BRH:0
end_of_record
TN:
SF:app/forgot-password/reset/[uid]/[token]/page.tsx
FN:8,ResetPasswordPage
FN:13,(anonymous_1)
FNF:2
FNH:0
FNDA:0,ResetPasswordPage
FNDA:0,(anonymous_1)
DA:9,0
DA:10,0
DA:11,0
DA:13,0
DA:14,0
DA:17,0
LF:6
LH:0
BRF:0
BRH:0
end_of_record
TN:
SF:app/help/page.tsx
FN:11,BantuanPantauTular
FNF:1
FNH:0
FNDA:0,BantuanPantauTular
DA:12,0
DA:13,0
DA:15,0
LF:3
LH:0
BRDA:78,0,0,0
BRDA:78,0,1,0
BRF:2
BRH:0
end_of_record
TN:
SF:app/login/page.tsx
FN:10,LoginPage
FN:16,LoginForm
FN:24,(anonymous_2)
FN:80,(anonymous_3)
FN:92,(anonymous_4)
FNF:5
FNH:0
FNDA:0,LoginPage
FNDA:0,LoginForm
FNDA:0,(anonymous_2)
FNDA:0,(anonymous_3)
FNDA:0,(anonymous_4)
DA:11,0
DA:17,0
DA:18,0
DA:19,0
DA:20,0
DA:21,0
DA:22,0
DA:24,0
DA:25,0
DA:26,0
DA:27,0
DA:29,0
DA:30,0
DA:31,0
DA:32,0
DA:34,0
DA:35,0
DA:36,0
DA:37,0
DA:38,0
DA:39,0
DA:41,0
DA:44,0
DA:47,0
DA:50,0
DA:80,0
DA:92,0
LF:27
LH:0
BRDA:34,0,0,0
BRDA:34,0,1,0
BRDA:36,1,0,0
BRDA:36,1,1,0
BRDA:36,2,0,0
BRDA:36,2,1,0
BRDA:38,3,0,0
BRDA:38,3,1,0
BRDA:41,4,0,0
BRDA:41,4,1,0
BRDA:66,5,0,0
BRDA:66,5,1,0
BRDA:109,6,0,0
BRDA:109,6,1,0
BRF:14
BRH:0
end_of_record
TN:
SF:app/map/page.tsx
FN:26,MapPage
FN:33,(anonymous_1)
FN:40,(anonymous_2)
FN:53,(anonymous_3)
FN:59,(anonymous_4)
FN:79,(anonymous_5)
FNF:6
FNH:0
FNDA:0,MapPage
FNDA:0,(anonymous_1)
FNDA:0,(anonymous_2)
FNDA:0,(anonymous_3)
FNDA:0,(anonymous_4)
FNDA:0,(anonymous_5)
DA:16,0
DA:27,0
DA:28,0
DA:29,0
DA:30,0
DA:31,0
DA:32,0
DA:33,0
DA:40,0
DA:41,0
DA:42,0
DA:43,0
DA:46,0
DA:48,0
DA:53,0
DA:54,0
DA:55,0
DA:59,0
DA:64,0
DA:65,0
DA:75,0
DA:76,0
DA:77,0
DA:78,0
DA:79,0
LF:25
LH:0
BRDA:34,0,0,0
BRDA:34,0,1,0
BRDA:35,1,0,0
BRDA:35,1,1,0
BRDA:41,2,0,0
BRDA:41,2,1,0
BRDA:43,3,0,0
BRDA:43,3,1,0
BRDA:43,4,0,0
BRDA:43,4,1,0
BRDA:54,5,0,0
BRDA:54,5,1,0
BRDA:54,6,0,0
BRDA:54,6,1,0
BRDA:54,6,2,0
BRDA:54,6,3,0
BRDA:54,6,4,0
BRDA:64,7,0,0
BRDA:64,7,1,0
BRDA:76,8,0,0
BRDA:76,8,1,0
BRDA:78,9,0,0
BRDA:78,9,1,0
BRF:23
BRH:0
end_of_record
TN:
SF:app/register/page.tsx
FN:10,RegisterPage
FN:30,(anonymous_1)
FN:31,(anonymous_2)
FN:41,(anonymous_3)
FN:44,(anonymous_4)
FN:48,(anonymous_5)
FN:51,(anonymous_6)
FN:59,(anonymous_7)
FN:63,(anonymous_8)
FN:166,(anonymous_9)
FN:179,(anonymous_10)
FNF:11
FNH:0
FNDA:0,RegisterPage
FNDA:0,(anonymous_1)
FNDA:0,(anonymous_2)
FNDA:0,(anonymous_3)
FNDA:0,(anonymous_4)
FNDA:0,(anonymous_5)
FNDA:0,(anonymous_6)
FNDA:0,(anonymous_7)
FNDA:0,(anonymous_8)
FNDA:0,(anonymous_9)
FNDA:0,(anonymous_10)
DA:11,0
DA:12,0
DA:19,0
DA:20,0
DA:21,0
DA:26,0
DA:27,0
DA:30,0
DA:31,0
DA:41,0
DA:44,0
DA:45,0
DA:47,0
DA:48,0
DA:51,0
DA:52,0
DA:55,0
DA:56,0
DA:58,0
DA:59,0
DA:63,0
DA:64,0
DA:65,0
DA:67,0
DA:68,0
DA:69,0
DA:70,0
DA:73,0
DA:75,0
DA:76,0
DA:77,0
DA:79,0
DA:85,0
DA:90,0
DA:94,0
DA:167,0
DA:180,0
LF:37
LH:0
BRDA:55,0,0,0
BRDA:55,0,1,0
BRDA:55,1,0,0
BRDA:55,1,1,0
BRDA:68,2,0,0
BRDA:68,2,1,0
BRDA:73,3,0,0
BRDA:73,3,1,0
BRDA:100,4,0,0
BRDA:100,4,1,0
BRDA:115,5,0,0
BRDA:115,5,1,0
BRDA:119,6,0,0
BRDA:119,6,1,0
BRDA:129,7,0,0
BRDA:129,7,1,0
BRDA:133,8,0,0
BRDA:133,8,1,0
BRDA:144,9,0,0
BRDA:144,9,1,0
BRDA:148,10,0,0
BRDA:148,10,1,0
BRDA:158,11,0,0
BRDA:158,11,1,0
BRDA:162,12,0,0
BRDA:162,12,1,0
BRDA:163,13,0,0
BRDA:163,13,1,0
BRDA:170,14,0,0
BRDA:170,14,1,0
BRDA:177,15,0,0
BRDA:177,15,1,0
BRDA:213,16,0,0
BRDA:213,16,1,0
BRDA:217,17,0,0
BRDA:217,17,1,0
BRF:36
BRH:0
end_of_record
TN:
SF:app/sentry-example-page/page.tsx
FN:9,(anonymous_0)
FN:15,Page
FN:19,(anonymous_2)
FN:20,checkConnectivity
FN:42,(anonymous_4)
FN:52,(anonymous_5)
FN:95,(anonymous_6)
FNF:7
FNH:0
FNDA:0,(anonymous_0)
FNDA:0,Page
FNDA:0,(anonymous_2)
FNDA:0,checkConnectivity
FNDA:0,(anonymous_4)
FNDA:0,(anonymous_5)
FNDA:0,(anonymous_6)
DA:10,0
DA:11,0
DA:16,0
DA:17,0
DA:19,0
DA:21,0
DA:22,0
DA:24,0
DA:27,0
DA:35,0
DA:36,0
DA:39,0
DA:42,0
DA:44,0
DA:48,0
DA:49,0
DA:53,0
DA:54,0
DA:55,0
DA:56,0
DA:61,0
DA:65,0
DA:96,0
DA:97,0
DA:102,0
DA:103,0
DA:109,0
LF:27
LH:0
BRDA:54,0,0,0
BRDA:54,0,1,0
BRDA:96,1,0,0
BRDA:96,1,1,0
BRDA:102,2,0,0
BRDA:102,2,1,0
BRF:6
BRH:0
end_of_record
TN:
SF:app/utils/newRelicUtils.ts
FN:27,setCustomAttribute
FN:36,setUserId
FN:45,setPageViewName
FN:54,addPageAction
FN:63,noticeError
FN:72,setCurrentRouteName
FN:81,recordMetric
FN:90,createInteraction
FN:94,(anonymous_8)
FN:96,(anonymous_9)
FNF:10
FNH:0
FNDA:0,setCustomAttribute
FNDA:0,setUserId
FNDA:0,setPageViewName
FNDA:0,addPageAction
FNDA:0,noticeError
FNDA:0,setCurrentRouteName
FNDA:0,recordMetric
FNDA:0,createInteraction
FNDA:0,(anonymous_8)
FNDA:0,(anonymous_9)
DA:28,0
DA:29,0
DA:37,0
DA:38,0
DA:46,0
DA:47,0
DA:55,0
DA:56,0
DA:64,0
DA:65,0
DA:73,0
DA:74,0
DA:82,0
DA:83,0
DA:91,0
DA:92,0
DA:93,0
DA:94,0
DA:96,0
LF:19
LH:0
BRDA:28,0,0,0
BRDA:28,0,1,0
BRDA:28,1,0,0
BRDA:28,1,1,0
BRDA:37,2,0,0
BRDA:37,2,1,0
BRDA:37,3,0,0
BRDA:37,3,1,0
BRDA:46,4,0,0
BRDA:46,4,1,0
BRDA:46,5,0,0
BRDA:46,5,1,0
BRDA:55,6,0,0
BRDA:55,6,1,0
BRDA:55,7,0,0
BRDA:55,7,1,0
BRDA:64,8,0,0
BRDA:64,8,1,0
BRDA:64,9,0,0
BRDA:64,9,1,0
BRDA:73,10,0,0
BRDA:73,10,1,0
BRDA:73,11,0,0
BRDA:73,11,1,0
BRDA:82,12,0,0
BRDA:82,12,1,0
BRDA:82,13,0,0
BRDA:82,13,1,0
BRDA:91,14,0,0
BRDA:91,14,1,0
BRDA:91,15,0,0
BRDA:91,15,1,0
BRF:32
BRH:0
end_of_record
TN:
SF:app/utils/sentryUtils.ts
FN:6,setUserContext
FN:18,clearUserContext
FN:25,addBreadcrumb
FN:42,setTag
FN:49,setExtra
FN:56,captureMessage
FN:63,startTransaction
FNF:7
FNH:0
FNDA:0,setUserContext
FNDA:0,clearUserContext
FNDA:0,addBreadcrumb
FNDA:0,setTag
FNDA:0,setExtra
FNDA:0,captureMessage
FNDA:0,startTransaction
DA:12,0
DA:19,0
DA:31,0
DA:43,0
DA:50,0
DA:57,0
DA:64,0
DA:69,0
DA:70,0
DA:73,0
DA:75,0
DA:83,0
LF:12
LH:0
BRDA:27,0,0,0
BRDA:28,1,0,0
BRDA:56,2,0,0
BRDA:69,3,0,0
BRDA:69,3,1,0
BRDA:73,4,0,0
BRDA:73,4,1,0
BRF:7
BRH:0
end_of_record
